-------------------------------------------------------------------------------
Test set: cn.com.gome.configuration.dao.GomeConfigDaoTest
-------------------------------------------------------------------------------
Tests run: 2, Failures: 0, Errors: 2, Skipped: 0, Time elapsed: 2.121 sec <<< FAILURE!
testPagingConfigs(cn.com.gome.configuration.dao.GomeConfigDaoTest)  Time elapsed: 0.041 sec  <<< ERROR!
java.lang.IllegalStateException: Failed to load ApplicationContext
	at org.springframework.test.context.DefaultCacheAwareContextLoaderDelegate.loadContext(DefaultCacheAwareContextLoaderDelegate.java:94)
	at org.springframework.test.context.DefaultTestContext.getApplicationContext(DefaultTestContext.java:72)
	at org.springframework.test.context.support.DependencyInjectionTestExecutionListener.injectDependencies(DependencyInjectionTestExecutionListener.java:117)
	at org.springframework.test.context.support.DependencyInjectionTestExecutionListener.prepareTestInstance(DependencyInjectionTestExecutionListener.java:83)
	at org.springframework.test.context.TestContextManager.prepareTestInstance(TestContextManager.java:212)
	at org.springframework.test.context.junit4.SpringJUnit4ClassRunner.createTest(SpringJUnit4ClassRunner.java:200)
	at org.springframework.test.context.junit4.SpringJUnit4ClassRunner$1.runReflectiveCall(SpringJUnit4ClassRunner.java:259)
	at org.junit.internal.runners.model.ReflectiveCallable.run(ReflectiveCallable.java:12)
	at org.springframework.test.context.junit4.SpringJUnit4ClassRunner.methodBlock(SpringJUnit4ClassRunner.java:261)
	at org.springframework.test.context.junit4.SpringJUnit4ClassRunner.runChild(SpringJUnit4ClassRunner.java:219)
	at org.springframework.test.context.junit4.SpringJUnit4ClassRunner.runChild(SpringJUnit4ClassRunner.java:83)
	at org.junit.runners.ParentRunner$3.run(ParentRunner.java:238)
	at org.junit.runners.ParentRunner$1.schedule(ParentRunner.java:63)
	at org.junit.runners.ParentRunner.runChildren(ParentRunner.java:236)
	at org.junit.runners.ParentRunner.access$000(ParentRunner.java:53)
	at org.junit.runners.ParentRunner$2.evaluate(ParentRunner.java:229)
	at org.springframework.test.context.junit4.statements.RunBeforeTestClassCallbacks.evaluate(RunBeforeTestClassCallbacks.java:61)
	at org.springframework.test.context.junit4.statements.RunAfterTestClassCallbacks.evaluate(RunAfterTestClassCallbacks.java:68)
	at org.junit.runners.ParentRunner.run(ParentRunner.java:309)
	at org.springframework.test.context.junit4.SpringJUnit4ClassRunner.run(SpringJUnit4ClassRunner.java:163)
	at org.apache.maven.surefire.junit4.JUnit4Provider.execute(JUnit4Provider.java:252)
	at org.apache.maven.surefire.junit4.JUnit4Provider.executeTestSet(JUnit4Provider.java:141)
	at org.apache.maven.surefire.junit4.JUnit4Provider.invoke(JUnit4Provider.java:112)
	at sun.reflect.NativeMethodAccessorImpl.invoke0(Native Method)
	at sun.reflect.NativeMethodAccessorImpl.invoke(NativeMethodAccessorImpl.java:57)
	at sun.reflect.DelegatingMethodAccessorImpl.invoke(DelegatingMethodAccessorImpl.java:43)
	at java.lang.reflect.Method.invoke(Method.java:606)
	at org.apache.maven.surefire.util.ReflectionUtils.invokeMethodWithArray(ReflectionUtils.java:189)
	at org.apache.maven.surefire.booter.ProviderFactory$ProviderProxy.invoke(ProviderFactory.java:165)
	at org.apache.maven.surefire.booter.ProviderFactory.invokeProvider(ProviderFactory.java:85)
	at org.apache.maven.surefire.booter.ForkedBooter.runSuitesInProcess(ForkedBooter.java:115)
	at org.apache.maven.surefire.booter.ForkedBooter.main(ForkedBooter.java:75)
Caused by: org.springframework.beans.factory.BeanCreationException: Error creating bean with name 'gomeConfigDaoImpl': Injection of autowired dependencies failed; nested exception is org.springframework.beans.factory.BeanCreationException: Could not autowire method: public final void org.mybatis.spring.support.SqlSessionDaoSupport.setSqlSessionFactory(org.apache.ibatis.session.SqlSessionFactory); nested exception is org.springframework.beans.factory.BeanCreationException: Error creating bean with name 'sqlSessionFactory' defined in class path resource [spring/mysql-dao-context-test.xml]: Cannot resolve reference to bean 'dataSource' while setting bean property 'dataSource'; nested exception is org.springframework.beans.factory.BeanCreationException: Error creating bean with name 'dataSource': Invocation of init method failed; nested exception is org.springframework.jdbc.datasource.init.ScriptStatementFailedException: Failed to execute SQL script statement #2 of resource file [D:\gomeo2o_workspace1\gomeo2o_pro\venus-configuration\trunk\target\test-classes\sql\h2\config.sql]: CREATE TABLE IF NOT EXISTS `ecp_configs` ( `id` BIGINT NOT NULL AUTO_INCREMENT COMMENT '自增主键', `key` VARCHAR(32) NULL COMMENT '�?,
  `value`              VARCHAR(1024) NULL       COMMENT '�?, `description` VARCHAR(128 ) NULL COMMENT '描述', `scope` VARCHAR(32) NULL COMMENT '适用范围', `created_at` DATETIME NULL COMMENT '创建时间', `updated_at` DATETIME NULL COMMENT '更新时间', PRIMARY KEY (`id`) ); nested exception is org.h2.jdbc.JdbcSQLException: Syntax error in SQL statement "CREATE TABLE IF NOT EXISTS ""ECP_CONFIGS"" ( ""ID"" BIGINT NOT NULL AUTO_INCREMENT COMMENT '自增主键', ""KEY"" VARCHAR(32) NULL COMMENT '�?,
  `value`              VARCHAR(1024) NULL       COMMENT '�[*]?, ""DESCRIPTION"" VARCHAR(128 ) NULL COMMENT '描述', ""SCOPE"" VARCHAR(32) NULL COMMENT '适用范围', ""CREATED_AT"" DATETIME NULL COMMENT '创建时间', ""UPDATED_AT"" DATETIME NULL COMMENT '更新时间', PRIMARY KEY (""ID"") ) "; expected "[, ::, *, /, %, +, -, ||, ~, !~, NOT, LIKE, REGEXP, IS, IN, BETWEEN, AND, OR, CONSTRAINT, PRIMARY, UNIQUE, NOT, NULL, CHECK, REFERENCES, ,, )"; SQL statement:
CREATE TABLE IF NOT EXISTS `ecp_configs` ( `id` BIGINT NOT NULL AUTO_INCREMENT COMMENT '自增主键', `key` VARCHAR(32) NULL COMMENT '�?,
  `value`              VARCHAR(1024) NULL       COMMENT '�?, `description` VARCHAR(128 ) NULL COMMENT '描述', `scope` VARCHAR(32) NULL COMMENT '适用范围', `created_at` DATETIME NULL COMMENT '创建时间', `updated_at` DATETIME NULL COMMENT '更新时间', PRIMARY KEY (`id`) ) [42001-174]
	at org.springframework.beans.factory.annotation.AutowiredAnnotationBeanPostProcessor.postProcessPropertyValues(AutowiredAnnotationBeanPostProcessor.java:334)
	at org.springframework.beans.factory.support.AbstractAutowireCapableBeanFactory.populateBean(AbstractAutowireCapableBeanFactory.java:1210)
	at org.springframework.beans.factory.support.AbstractAutowireCapableBeanFactory.doCreateBean(AbstractAutowireCapableBeanFactory.java:537)
	at org.springframework.beans.factory.support.AbstractAutowireCapableBeanFactory.createBean(AbstractAutowireCapableBeanFactory.java:476)
	at org.springframework.beans.factory.support.AbstractBeanFactory$1.getObject(AbstractBeanFactory.java:303)
	at org.springframework.beans.factory.support.DefaultSingletonBeanRegistry.getSingleton(DefaultSingletonBeanRegistry.java:230)
	at org.springframework.beans.factory.support.AbstractBeanFactory.doGetBean(AbstractBeanFactory.java:299)
	at org.springframework.beans.factory.support.AbstractBeanFactory.getBean(AbstractBeanFactory.java:194)
	at org.springframework.beans.factory.support.DefaultListableBeanFactory.preInstantiateSingletons(DefaultListableBeanFactory.java:755)
	at org.springframework.context.support.AbstractApplicationContext.finishBeanFactoryInitialization(AbstractApplicationContext.java:757)
	at org.springframework.context.support.AbstractApplicationContext.refresh(AbstractApplicationContext.java:480)
	at org.springframework.test.context.support.AbstractGenericContextLoader.loadContext(AbstractGenericContextLoader.java:125)
	at org.springframework.test.context.support.AbstractGenericContextLoader.loadContext(AbstractGenericContextLoader.java:60)
	at org.springframework.test.context.support.AbstractDelegatingSmartContextLoader.delegateLoading(AbstractDelegatingSmartContextLoader.java:109)
	at org.springframework.test.context.support.AbstractDelegatingSmartContextLoader.loadContext(AbstractDelegatingSmartContextLoader.java:261)
	at org.springframework.test.context.DefaultCacheAwareContextLoaderDelegate.loadContextInternal(DefaultCacheAwareContextLoaderDelegate.java:68)
	at org.springframework.test.context.DefaultCacheAwareContextLoaderDelegate.loadContext(DefaultCacheAwareContextLoaderDelegate.java:86)
	... 31 more
Caused by: org.springframework.beans.factory.BeanCreationException: Could not autowire method: public final void org.mybatis.spring.support.SqlSessionDaoSupport.setSqlSessionFactory(org.apache.ibatis.session.SqlSessionFactory); nested exception is org.springframework.beans.factory.BeanCreationException: Error creating bean with name 'sqlSessionFactory' defined in class path resource [spring/mysql-dao-context-test.xml]: Cannot resolve reference to bean 'dataSource' while setting bean property 'dataSource'; nested exception is org.springframework.beans.factory.BeanCreationException: Error creating bean with name 'dataSource': Invocation of init method failed; nested exception is org.springframework.jdbc.datasource.init.ScriptStatementFailedException: Failed to execute SQL script statement #2 of resource file [D:\gomeo2o_workspace1\gomeo2o_pro\venus-configuration\trunk\target\test-classes\sql\h2\config.sql]: CREATE TABLE IF NOT EXISTS `ecp_configs` ( `id` BIGINT NOT NULL AUTO_INCREMENT COMMENT '自增主键', `key` VARCHAR(32) NULL COMMENT '�?,
  `value`              VARCHAR(1024) NULL       COMMENT '�?, `description` VARCHAR(128 ) NULL COMMENT '描述', `scope` VARCHAR(32) NULL COMMENT '适用范围', `created_at` DATETIME NULL COMMENT '创建时间', `updated_at` DATETIME NULL COMMENT '更新时间', PRIMARY KEY (`id`) ); nested exception is org.h2.jdbc.JdbcSQLException: Syntax error in SQL statement "CREATE TABLE IF NOT EXISTS ""ECP_CONFIGS"" ( ""ID"" BIGINT NOT NULL AUTO_INCREMENT COMMENT '自增主键', ""KEY"" VARCHAR(32) NULL COMMENT '�?,
  `value`              VARCHAR(1024) NULL       COMMENT '�[*]?, ""DESCRIPTION"" VARCHAR(128 ) NULL COMMENT '描述', ""SCOPE"" VARCHAR(32) NULL COMMENT '适用范围', ""CREATED_AT"" DATETIME NULL COMMENT '创建时间', ""UPDATED_AT"" DATETIME NULL COMMENT '更新时间', PRIMARY KEY (""ID"") ) "; expected "[, ::, *, /, %, +, -, ||, ~, !~, NOT, LIKE, REGEXP, IS, IN, BETWEEN, AND, OR, CONSTRAINT, PRIMARY, UNIQUE, NOT, NULL, CHECK, REFERENCES, ,, )"; SQL statement:
CREATE TABLE IF NOT EXISTS `ecp_configs` ( `id` BIGINT NOT NULL AUTO_INCREMENT COMMENT '自增主键', `key` VARCHAR(32) NULL COMMENT '�?,
  `value`              VARCHAR(1024) NULL       COMMENT '�?, `description` VARCHAR(128 ) NULL COMMENT '描述', `scope` VARCHAR(32) NULL COMMENT '适用范围', `created_at` DATETIME NULL COMMENT '创建时间', `updated_at` DATETIME NULL COMMENT '更新时间', PRIMARY KEY (`id`) ) [42001-174]
	at org.springframework.beans.factory.annotation.AutowiredAnnotationBeanPostProcessor$AutowiredMethodElement.inject(AutowiredAnnotationBeanPostProcessor.java:649)
	at org.springframework.beans.factory.annotation.InjectionMetadata.inject(InjectionMetadata.java:88)
	at org.springframework.beans.factory.annotation.AutowiredAnnotationBeanPostProcessor.postProcessPropertyValues(AutowiredAnnotationBeanPostProcessor.java:331)
	... 47 more
Caused by: org.springframework.beans.factory.BeanCreationException: Error creating bean with name 'sqlSessionFactory' defined in class path resource [spring/mysql-dao-context-test.xml]: Cannot resolve reference to bean 'dataSource' while setting bean property 'dataSource'; nested exception is org.springframework.beans.factory.BeanCreationException: Error creating bean with name 'dataSource': Invocation of init method failed; nested exception is org.springframework.jdbc.datasource.init.ScriptStatementFailedException: Failed to execute SQL script statement #2 of resource file [D:\gomeo2o_workspace1\gomeo2o_pro\venus-configuration\trunk\target\test-classes\sql\h2\config.sql]: CREATE TABLE IF NOT EXISTS `ecp_configs` ( `id` BIGINT NOT NULL AUTO_INCREMENT COMMENT '自增主键', `key` VARCHAR(32) NULL COMMENT '�?,
  `value`              VARCHAR(1024) NULL       COMMENT '�?, `description` VARCHAR(128 ) NULL COMMENT '描述', `scope` VARCHAR(32) NULL COMMENT '适用范围', `created_at` DATETIME NULL COMMENT '创建时间', `updated_at` DATETIME NULL COMMENT '更新时间', PRIMARY KEY (`id`) ); nested exception is org.h2.jdbc.JdbcSQLException: Syntax error in SQL statement "CREATE TABLE IF NOT EXISTS ""ECP_CONFIGS"" ( ""ID"" BIGINT NOT NULL AUTO_INCREMENT COMMENT '自增主键', ""KEY"" VARCHAR(32) NULL COMMENT '�?,
  `value`              VARCHAR(1024) NULL       COMMENT '�[*]?, ""DESCRIPTION"" VARCHAR(128 ) NULL COMMENT '描述', ""SCOPE"" VARCHAR(32) NULL COMMENT '适用范围', ""CREATED_AT"" DATETIME NULL COMMENT '创建时间', ""UPDATED_AT"" DATETIME NULL COMMENT '更新时间', PRIMARY KEY (""ID"") ) "; expected "[, ::, *, /, %, +, -, ||, ~, !~, NOT, LIKE, REGEXP, IS, IN, BETWEEN, AND, OR, CONSTRAINT, PRIMARY, UNIQUE, NOT, NULL, CHECK, REFERENCES, ,, )"; SQL statement:
CREATE TABLE IF NOT EXISTS `ecp_configs` ( `id` BIGINT NOT NULL AUTO_INCREMENT COMMENT '自增主键', `key` VARCHAR(32) NULL COMMENT '�?,
  `value`              VARCHAR(1024) NULL       COMMENT '�?, `description` VARCHAR(128 ) NULL COMMENT '描述', `scope` VARCHAR(32) NULL COMMENT '适用范围', `created_at` DATETIME NULL COMMENT '创建时间', `updated_at` DATETIME NULL COMMENT '更新时间', PRIMARY KEY (`id`) ) [42001-174]
	at org.springframework.beans.factory.support.BeanDefinitionValueResolver.resolveReference(BeanDefinitionValueResolver.java:359)
	at org.springframework.beans.factory.support.BeanDefinitionValueResolver.resolveValueIfNecessary(BeanDefinitionValueResolver.java:108)
	at org.springframework.beans.factory.support.AbstractAutowireCapableBeanFactory.applyPropertyValues(AbstractAutowireCapableBeanFactory.java:1477)
	at org.springframework.beans.factory.support.AbstractAutowireCapableBeanFactory.populateBean(AbstractAutowireCapableBeanFactory.java:1222)
	at org.springframework.beans.factory.support.AbstractAutowireCapableBeanFactory.doCreateBean(AbstractAutowireCapableBeanFactory.java:537)
	at org.springframework.beans.factory.support.AbstractAutowireCapableBeanFactory.createBean(AbstractAutowireCapableBeanFactory.java:476)
	at org.springframework.beans.factory.support.AbstractBeanFactory$1.getObject(AbstractBeanFactory.java:303)
	at org.springframework.beans.factory.support.DefaultSingletonBeanRegistry.getSingleton(DefaultSingletonBeanRegistry.java:230)
	at org.springframework.beans.factory.support.AbstractBeanFactory.doGetBean(AbstractBeanFactory.java:299)
	at org.springframework.beans.factory.support.AbstractBeanFactory.getBean(AbstractBeanFactory.java:194)
	at org.springframework.beans.factory.support.DefaultListableBeanFactory.findAutowireCandidates(DefaultListableBeanFactory.java:1120)
	at org.springframework.beans.factory.support.DefaultListableBeanFactory.doResolveDependency(DefaultListableBeanFactory.java:1044)
	at org.springframework.beans.factory.support.DefaultListableBeanFactory.resolveDependency(DefaultListableBeanFactory.java:942)
	at org.springframework.beans.factory.annotation.AutowiredAnnotationBeanPostProcessor$AutowiredMethodElement.inject(AutowiredAnnotationBeanPostProcessor.java:606)
	... 49 more
Caused by: org.springframework.beans.factory.BeanCreationException: Error creating bean with name 'dataSource': Invocation of init method failed; nested exception is org.springframework.jdbc.datasource.init.ScriptStatementFailedException: Failed to execute SQL script statement #2 of resource file [D:\gomeo2o_workspace1\gomeo2o_pro\venus-configuration\trunk\target\test-classes\sql\h2\config.sql]: CREATE TABLE IF NOT EXISTS `ecp_configs` ( `id` BIGINT NOT NULL AUTO_INCREMENT COMMENT '自增主键', `key` VARCHAR(32) NULL COMMENT '�?,
  `value`              VARCHAR(1024) NULL       COMMENT '�?, `description` VARCHAR(128 ) NULL COMMENT '描述', `scope` VARCHAR(32) NULL COMMENT '适用范围', `created_at` DATETIME NULL COMMENT '创建时间', `updated_at` DATETIME NULL COMMENT '更新时间', PRIMARY KEY (`id`) ); nested exception is org.h2.jdbc.JdbcSQLException: Syntax error in SQL statement "CREATE TABLE IF NOT EXISTS ""ECP_CONFIGS"" ( ""ID"" BIGINT NOT NULL AUTO_INCREMENT COMMENT '自增主键', ""KEY"" VARCHAR(32) NULL COMMENT '�?,
  `value`              VARCHAR(1024) NULL       COMMENT '�[*]?, ""DESCRIPTION"" VARCHAR(128 ) NULL COMMENT '描述', ""SCOPE"" VARCHAR(32) NULL COMMENT '适用范围', ""CREATED_AT"" DATETIME NULL COMMENT '创建时间', ""UPDATED_AT"" DATETIME NULL COMMENT '更新时间', PRIMARY KEY (""ID"") ) "; expected "[, ::, *, /, %, +, -, ||, ~, !~, NOT, LIKE, REGEXP, IS, IN, BETWEEN, AND, OR, CONSTRAINT, PRIMARY, UNIQUE, NOT, NULL, CHECK, REFERENCES, ,, )"; SQL statement:
CREATE TABLE IF NOT EXISTS `ecp_configs` ( `id` BIGINT NOT NULL AUTO_INCREMENT COMMENT '自增主键', `key` VARCHAR(32) NULL COMMENT '�?,
  `value`              VARCHAR(1024) NULL       COMMENT '�?, `description` VARCHAR(128 ) NULL COMMENT '描述', `scope` VARCHAR(32) NULL COMMENT '适用范围', `created_at` DATETIME NULL COMMENT '创建时间', `updated_at` DATETIME NULL COMMENT '更新时间', PRIMARY KEY (`id`) ) [42001-174]
	at org.springframework.beans.factory.support.AbstractAutowireCapableBeanFactory.initializeBean(AbstractAutowireCapableBeanFactory.java:1574)
	at org.springframework.beans.factory.support.AbstractAutowireCapableBeanFactory.doCreateBean(AbstractAutowireCapableBeanFactory.java:539)
	at org.springframework.beans.factory.support.AbstractAutowireCapableBeanFactory.createBean(AbstractAutowireCapableBeanFactory.java:476)
	at org.springframework.beans.factory.support.AbstractBeanFactory$1.getObject(AbstractBeanFactory.java:303)
	at org.springframework.beans.factory.support.DefaultSingletonBeanRegistry.getSingleton(DefaultSingletonBeanRegistry.java:230)
	at org.springframework.beans.factory.support.AbstractBeanFactory.doGetBean(AbstractBeanFactory.java:299)
	at org.springframework.beans.factory.support.AbstractBeanFactory.getBean(AbstractBeanFactory.java:194)
	at org.springframework.beans.factory.support.BeanDefinitionValueResolver.resolveReference(BeanDefinitionValueResolver.java:351)
	... 62 more
Caused by: org.springframework.jdbc.datasource.init.ScriptStatementFailedException: Failed to execute SQL script statement #2 of resource file [D:\gomeo2o_workspace1\gomeo2o_pro\venus-configuration\trunk\target\test-classes\sql\h2\config.sql]: CREATE TABLE IF NOT EXISTS `ecp_configs` ( `id` BIGINT NOT NULL AUTO_INCREMENT COMMENT '自增主键', `key` VARCHAR(32) NULL COMMENT '�?,
  `value`              VARCHAR(1024) NULL       COMMENT '�?, `description` VARCHAR(128 ) NULL COMMENT '描述', `scope` VARCHAR(32) NULL COMMENT '适用范围', `created_at` DATETIME NULL COMMENT '创建时间', `updated_at` DATETIME NULL COMMENT '更新时间', PRIMARY KEY (`id`) ); nested exception is org.h2.jdbc.JdbcSQLException: Syntax error in SQL statement "CREATE TABLE IF NOT EXISTS ""ECP_CONFIGS"" ( ""ID"" BIGINT NOT NULL AUTO_INCREMENT COMMENT '自增主键', ""KEY"" VARCHAR(32) NULL COMMENT '�?,
  `value`              VARCHAR(1024) NULL       COMMENT '�[*]?, ""DESCRIPTION"" VARCHAR(128 ) NULL COMMENT '描述', ""SCOPE"" VARCHAR(32) NULL COMMENT '适用范围', ""CREATED_AT"" DATETIME NULL COMMENT '创建时间', ""UPDATED_AT"" DATETIME NULL COMMENT '更新时间', PRIMARY KEY (""ID"") ) "; expected "[, ::, *, /, %, +, -, ||, ~, !~, NOT, LIKE, REGEXP, IS, IN, BETWEEN, AND, OR, CONSTRAINT, PRIMARY, UNIQUE, NOT, NULL, CHECK, REFERENCES, ,, )"; SQL statement:
CREATE TABLE IF NOT EXISTS `ecp_configs` ( `id` BIGINT NOT NULL AUTO_INCREMENT COMMENT '自增主键', `key` VARCHAR(32) NULL COMMENT '�?,
  `value`              VARCHAR(1024) NULL       COMMENT '�?, `description` VARCHAR(128 ) NULL COMMENT '描述', `scope` VARCHAR(32) NULL COMMENT '适用范围', `created_at` DATETIME NULL COMMENT '创建时间', `updated_at` DATETIME NULL COMMENT '更新时间', PRIMARY KEY (`id`) ) [42001-174]
	at org.springframework.jdbc.datasource.init.ScriptUtils.executeSqlScript(ScriptUtils.java:472)
	at org.springframework.jdbc.datasource.init.ResourceDatabasePopulator.populate(ResourceDatabasePopulator.java:229)
	at org.springframework.jdbc.datasource.init.CompositeDatabasePopulator.populate(CompositeDatabasePopulator.java:60)
	at org.springframework.jdbc.datasource.init.DatabasePopulatorUtils.execute(DatabasePopulatorUtils.java:48)
	at org.springframework.jdbc.datasource.embedded.EmbeddedDatabaseFactory.initDatabase(EmbeddedDatabaseFactory.java:159)
	at org.springframework.jdbc.datasource.embedded.EmbeddedDatabaseFactoryBean.afterPropertiesSet(EmbeddedDatabaseFactoryBean.java:62)
	at org.springframework.beans.factory.support.AbstractAutowireCapableBeanFactory.invokeInitMethods(AbstractAutowireCapableBeanFactory.java:1633)
	at org.springframework.beans.factory.support.AbstractAutowireCapableBeanFactory.initializeBean(AbstractAutowireCapableBeanFactory.java:1570)
	... 69 more
Caused by: org.h2.jdbc.JdbcSQLException: Syntax error in SQL statement "CREATE TABLE IF NOT EXISTS ""ECP_CONFIGS"" ( ""ID"" BIGINT NOT NULL AUTO_INCREMENT COMMENT '自增主键', ""KEY"" VARCHAR(32) NULL COMMENT '�?,
  `value`              VARCHAR(1024) NULL       COMMENT '�[*]?, ""DESCRIPTION"" VARCHAR(128 ) NULL COMMENT '描述', ""SCOPE"" VARCHAR(32) NULL COMMENT '适用范围', ""CREATED_AT"" DATETIME NULL COMMENT '创建时间', ""UPDATED_AT"" DATETIME NULL COMMENT '更新时间', PRIMARY KEY (""ID"") ) "; expected "[, ::, *, /, %, +, -, ||, ~, !~, NOT, LIKE, REGEXP, IS, IN, BETWEEN, AND, OR, CONSTRAINT, PRIMARY, UNIQUE, NOT, NULL, CHECK, REFERENCES, ,, )"; SQL statement:
CREATE TABLE IF NOT EXISTS `ecp_configs` ( `id` BIGINT NOT NULL AUTO_INCREMENT COMMENT '自增主键', `key` VARCHAR(32) NULL COMMENT '�?,
  `value`              VARCHAR(1024) NULL       COMMENT '�?, `description` VARCHAR(128 ) NULL COMMENT '描述', `scope` VARCHAR(32) NULL COMMENT '适用范围', `created_at` DATETIME NULL COMMENT '创建时间', `updated_at` DATETIME NULL COMMENT '更新时间', PRIMARY KEY (`id`) ) [42001-174]
	at org.h2.message.DbException.getJdbcSQLException(DbException.java:332)
	at org.h2.message.DbException.getSyntaxError(DbException.java:197)
	at org.h2.command.Parser.getSyntaxError(Parser.java:504)
	at org.h2.command.Parser.read(Parser.java:2867)
	at org.h2.command.Parser.readIfMore(Parser.java:822)
	at org.h2.command.Parser.parseCreateTable(Parser.java:5416)
	at org.h2.command.Parser.parseCreate(Parser.java:3890)
	at org.h2.command.Parser.parsePrepared(Parser.java:334)
	at org.h2.command.Parser.parse(Parser.java:289)
	at org.h2.command.Parser.parse(Parser.java:265)
	at org.h2.command.Parser.prepareCommand(Parser.java:226)
	at org.h2.engine.Session.prepareLocal(Session.java:437)
	at org.h2.engine.Session.prepareCommand(Session.java:380)
	at org.h2.jdbc.JdbcConnection.prepareCommand(JdbcConnection.java:1138)
	at org.h2.jdbc.JdbcStatement.executeInternal(JdbcStatement.java:168)
	at org.h2.jdbc.JdbcStatement.execute(JdbcStatement.java:156)
	at org.springframework.jdbc.datasource.init.ScriptUtils.executeSqlScript(ScriptUtils.java:457)
	... 76 more

testCreate(cn.com.gome.configuration.dao.GomeConfigDaoTest)  Time elapsed: 0.002 sec  <<< ERROR!
java.lang.IllegalStateException: Failed to load ApplicationContext
	at org.springframework.test.context.DefaultCacheAwareContextLoaderDelegate.loadContext(DefaultCacheAwareContextLoaderDelegate.java:94)
	at org.springframework.test.context.DefaultTestContext.getApplicationContext(DefaultTestContext.java:72)
	at org.springframework.test.context.support.DependencyInjectionTestExecutionListener.injectDependencies(DependencyInjectionTestExecutionListener.java:117)
	at org.springframework.test.context.support.DependencyInjectionTestExecutionListener.prepareTestInstance(DependencyInjectionTestExecutionListener.java:83)
	at org.springframework.test.context.TestContextManager.prepareTestInstance(TestContextManager.java:212)
	at org.springframework.test.context.junit4.SpringJUnit4ClassRunner.createTest(SpringJUnit4ClassRunner.java:200)
	at org.springframework.test.context.junit4.SpringJUnit4ClassRunner$1.runReflectiveCall(SpringJUnit4ClassRunner.java:259)
	at org.junit.internal.runners.model.ReflectiveCallable.run(ReflectiveCallable.java:12)
	at org.springframework.test.context.junit4.SpringJUnit4ClassRunner.methodBlock(SpringJUnit4ClassRunner.java:261)
	at org.springframework.test.context.junit4.SpringJUnit4ClassRunner.runChild(SpringJUnit4ClassRunner.java:219)
	at org.springframework.test.context.junit4.SpringJUnit4ClassRunner.runChild(SpringJUnit4ClassRunner.java:83)
	at org.junit.runners.ParentRunner$3.run(ParentRunner.java:238)
	at org.junit.runners.ParentRunner$1.schedule(ParentRunner.java:63)
	at org.junit.runners.ParentRunner.runChildren(ParentRunner.java:236)
	at org.junit.runners.ParentRunner.access$000(ParentRunner.java:53)
	at org.junit.runners.ParentRunner$2.evaluate(ParentRunner.java:229)
	at org.springframework.test.context.junit4.statements.RunBeforeTestClassCallbacks.evaluate(RunBeforeTestClassCallbacks.java:61)
	at org.springframework.test.context.junit4.statements.RunAfterTestClassCallbacks.evaluate(RunAfterTestClassCallbacks.java:68)
	at org.junit.runners.ParentRunner.run(ParentRunner.java:309)
	at org.springframework.test.context.junit4.SpringJUnit4ClassRunner.run(SpringJUnit4ClassRunner.java:163)
	at org.apache.maven.surefire.junit4.JUnit4Provider.execute(JUnit4Provider.java:252)
	at org.apache.maven.surefire.junit4.JUnit4Provider.executeTestSet(JUnit4Provider.java:141)
	at org.apache.maven.surefire.junit4.JUnit4Provider.invoke(JUnit4Provider.java:112)
	at sun.reflect.NativeMethodAccessorImpl.invoke0(Native Method)
	at sun.reflect.NativeMethodAccessorImpl.invoke(NativeMethodAccessorImpl.java:57)
	at sun.reflect.DelegatingMethodAccessorImpl.invoke(DelegatingMethodAccessorImpl.java:43)
	at java.lang.reflect.Method.invoke(Method.java:606)
	at org.apache.maven.surefire.util.ReflectionUtils.invokeMethodWithArray(ReflectionUtils.java:189)
	at org.apache.maven.surefire.booter.ProviderFactory$ProviderProxy.invoke(ProviderFactory.java:165)
	at org.apache.maven.surefire.booter.ProviderFactory.invokeProvider(ProviderFactory.java:85)
	at org.apache.maven.surefire.booter.ForkedBooter.runSuitesInProcess(ForkedBooter.java:115)
	at org.apache.maven.surefire.booter.ForkedBooter.main(ForkedBooter.java:75)
Caused by: org.springframework.beans.factory.BeanCreationException: Error creating bean with name 'gomeConfigDaoImpl': Injection of autowired dependencies failed; nested exception is org.springframework.beans.factory.BeanCreationException: Could not autowire method: public final void org.mybatis.spring.support.SqlSessionDaoSupport.setSqlSessionFactory(org.apache.ibatis.session.SqlSessionFactory); nested exception is org.springframework.beans.factory.BeanCreationException: Error creating bean with name 'sqlSessionFactory' defined in class path resource [spring/mysql-dao-context-test.xml]: Cannot resolve reference to bean 'dataSource' while setting bean property 'dataSource'; nested exception is org.springframework.beans.factory.BeanCreationException: Error creating bean with name 'dataSource': Invocation of init method failed; nested exception is org.springframework.jdbc.datasource.init.ScriptStatementFailedException: Failed to execute SQL script statement #2 of resource file [D:\gomeo2o_workspace1\gomeo2o_pro\venus-configuration\trunk\target\test-classes\sql\h2\config.sql]: CREATE TABLE IF NOT EXISTS `ecp_configs` ( `id` BIGINT NOT NULL AUTO_INCREMENT COMMENT '自增主键', `key` VARCHAR(32) NULL COMMENT '�?,
  `value`              VARCHAR(1024) NULL       COMMENT '�?, `description` VARCHAR(128 ) NULL COMMENT '描述', `scope` VARCHAR(32) NULL COMMENT '适用范围', `created_at` DATETIME NULL COMMENT '创建时间', `updated_at` DATETIME NULL COMMENT '更新时间', PRIMARY KEY (`id`) ); nested exception is org.h2.jdbc.JdbcSQLException: Syntax error in SQL statement "CREATE TABLE IF NOT EXISTS ""ECP_CONFIGS"" ( ""ID"" BIGINT NOT NULL AUTO_INCREMENT COMMENT '自增主键', ""KEY"" VARCHAR(32) NULL COMMENT '�?,
  `value`              VARCHAR(1024) NULL       COMMENT '�[*]?, ""DESCRIPTION"" VARCHAR(128 ) NULL COMMENT '描述', ""SCOPE"" VARCHAR(32) NULL COMMENT '适用范围', ""CREATED_AT"" DATETIME NULL COMMENT '创建时间', ""UPDATED_AT"" DATETIME NULL COMMENT '更新时间', PRIMARY KEY (""ID"") ) "; expected "[, ::, *, /, %, +, -, ||, ~, !~, NOT, LIKE, REGEXP, IS, IN, BETWEEN, AND, OR, CONSTRAINT, PRIMARY, UNIQUE, NOT, NULL, CHECK, REFERENCES, ,, )"; SQL statement:
CREATE TABLE IF NOT EXISTS `ecp_configs` ( `id` BIGINT NOT NULL AUTO_INCREMENT COMMENT '自增主键', `key` VARCHAR(32) NULL COMMENT '�?,
  `value`              VARCHAR(1024) NULL       COMMENT '�?, `description` VARCHAR(128 ) NULL COMMENT '描述', `scope` VARCHAR(32) NULL COMMENT '适用范围', `created_at` DATETIME NULL COMMENT '创建时间', `updated_at` DATETIME NULL COMMENT '更新时间', PRIMARY KEY (`id`) ) [42001-174]
	at org.springframework.beans.factory.annotation.AutowiredAnnotationBeanPostProcessor.postProcessPropertyValues(AutowiredAnnotationBeanPostProcessor.java:334)
	at org.springframework.beans.factory.support.AbstractAutowireCapableBeanFactory.populateBean(AbstractAutowireCapableBeanFactory.java:1210)
	at org.springframework.beans.factory.support.AbstractAutowireCapableBeanFactory.doCreateBean(AbstractAutowireCapableBeanFactory.java:537)
	at org.springframework.beans.factory.support.AbstractAutowireCapableBeanFactory.createBean(AbstractAutowireCapableBeanFactory.java:476)
	at org.springframework.beans.factory.support.AbstractBeanFactory$1.getObject(AbstractBeanFactory.java:303)
	at org.springframework.beans.factory.support.DefaultSingletonBeanRegistry.getSingleton(DefaultSingletonBeanRegistry.java:230)
	at org.springframework.beans.factory.support.AbstractBeanFactory.doGetBean(AbstractBeanFactory.java:299)
	at org.springframework.beans.factory.support.AbstractBeanFactory.getBean(AbstractBeanFactory.java:194)
	at org.springframework.beans.factory.support.DefaultListableBeanFactory.preInstantiateSingletons(DefaultListableBeanFactory.java:755)
	at org.springframework.context.support.AbstractApplicationContext.finishBeanFactoryInitialization(AbstractApplicationContext.java:757)
	at org.springframework.context.support.AbstractApplicationContext.refresh(AbstractApplicationContext.java:480)
	at org.springframework.test.context.support.AbstractGenericContextLoader.loadContext(AbstractGenericContextLoader.java:125)
	at org.springframework.test.context.support.AbstractGenericContextLoader.loadContext(AbstractGenericContextLoader.java:60)
	at org.springframework.test.context.support.AbstractDelegatingSmartContextLoader.delegateLoading(AbstractDelegatingSmartContextLoader.java:109)
	at org.springframework.test.context.support.AbstractDelegatingSmartContextLoader.loadContext(AbstractDelegatingSmartContextLoader.java:261)
	at org.springframework.test.context.DefaultCacheAwareContextLoaderDelegate.loadContextInternal(DefaultCacheAwareContextLoaderDelegate.java:68)
	at org.springframework.test.context.DefaultCacheAwareContextLoaderDelegate.loadContext(DefaultCacheAwareContextLoaderDelegate.java:86)
	... 31 more
Caused by: org.springframework.beans.factory.BeanCreationException: Could not autowire method: public final void org.mybatis.spring.support.SqlSessionDaoSupport.setSqlSessionFactory(org.apache.ibatis.session.SqlSessionFactory); nested exception is org.springframework.beans.factory.BeanCreationException: Error creating bean with name 'sqlSessionFactory' defined in class path resource [spring/mysql-dao-context-test.xml]: Cannot resolve reference to bean 'dataSource' while setting bean property 'dataSource'; nested exception is org.springframework.beans.factory.BeanCreationException: Error creating bean with name 'dataSource': Invocation of init method failed; nested exception is org.springframework.jdbc.datasource.init.ScriptStatementFailedException: Failed to execute SQL script statement #2 of resource file [D:\gomeo2o_workspace1\gomeo2o_pro\venus-configuration\trunk\target\test-classes\sql\h2\config.sql]: CREATE TABLE IF NOT EXISTS `ecp_configs` ( `id` BIGINT NOT NULL AUTO_INCREMENT COMMENT '自增主键', `key` VARCHAR(32) NULL COMMENT '�?,
  `value`              VARCHAR(1024) NULL       COMMENT '�?, `description` VARCHAR(128 ) NULL COMMENT '描述', `scope` VARCHAR(32) NULL COMMENT '适用范围', `created_at` DATETIME NULL COMMENT '创建时间', `updated_at` DATETIME NULL COMMENT '更新时间', PRIMARY KEY (`id`) ); nested exception is org.h2.jdbc.JdbcSQLException: Syntax error in SQL statement "CREATE TABLE IF NOT EXISTS ""ECP_CONFIGS"" ( ""ID"" BIGINT NOT NULL AUTO_INCREMENT COMMENT '自增主键', ""KEY"" VARCHAR(32) NULL COMMENT '�?,
  `value`              VARCHAR(1024) NULL       COMMENT '�[*]?, ""DESCRIPTION"" VARCHAR(128 ) NULL COMMENT '描述', ""SCOPE"" VARCHAR(32) NULL COMMENT '适用范围', ""CREATED_AT"" DATETIME NULL COMMENT '创建时间', ""UPDATED_AT"" DATETIME NULL COMMENT '更新时间', PRIMARY KEY (""ID"") ) "; expected "[, ::, *, /, %, +, -, ||, ~, !~, NOT, LIKE, REGEXP, IS, IN, BETWEEN, AND, OR, CONSTRAINT, PRIMARY, UNIQUE, NOT, NULL, CHECK, REFERENCES, ,, )"; SQL statement:
CREATE TABLE IF NOT EXISTS `ecp_configs` ( `id` BIGINT NOT NULL AUTO_INCREMENT COMMENT '自增主键', `key` VARCHAR(32) NULL COMMENT '�?,
  `value`              VARCHAR(1024) NULL       COMMENT '�?, `description` VARCHAR(128 ) NULL COMMENT '描述', `scope` VARCHAR(32) NULL COMMENT '适用范围', `created_at` DATETIME NULL COMMENT '创建时间', `updated_at` DATETIME NULL COMMENT '更新时间', PRIMARY KEY (`id`) ) [42001-174]
	at org.springframework.beans.factory.annotation.AutowiredAnnotationBeanPostProcessor$AutowiredMethodElement.inject(AutowiredAnnotationBeanPostProcessor.java:649)
	at org.springframework.beans.factory.annotation.InjectionMetadata.inject(InjectionMetadata.java:88)
	at org.springframework.beans.factory.annotation.AutowiredAnnotationBeanPostProcessor.postProcessPropertyValues(AutowiredAnnotationBeanPostProcessor.java:331)
	... 47 more
Caused by: org.springframework.beans.factory.BeanCreationException: Error creating bean with name 'sqlSessionFactory' defined in class path resource [spring/mysql-dao-context-test.xml]: Cannot resolve reference to bean 'dataSource' while setting bean property 'dataSource'; nested exception is org.springframework.beans.factory.BeanCreationException: Error creating bean with name 'dataSource': Invocation of init method failed; nested exception is org.springframework.jdbc.datasource.init.ScriptStatementFailedException: Failed to execute SQL script statement #2 of resource file [D:\gomeo2o_workspace1\gomeo2o_pro\venus-configuration\trunk\target\test-classes\sql\h2\config.sql]: CREATE TABLE IF NOT EXISTS `ecp_configs` ( `id` BIGINT NOT NULL AUTO_INCREMENT COMMENT '自增主键', `key` VARCHAR(32) NULL COMMENT '�?,
  `value`              VARCHAR(1024) NULL       COMMENT '�?, `description` VARCHAR(128 ) NULL COMMENT '描述', `scope` VARCHAR(32) NULL COMMENT '适用范围', `created_at` DATETIME NULL COMMENT '创建时间', `updated_at` DATETIME NULL COMMENT '更新时间', PRIMARY KEY (`id`) ); nested exception is org.h2.jdbc.JdbcSQLException: Syntax error in SQL statement "CREATE TABLE IF NOT EXISTS ""ECP_CONFIGS"" ( ""ID"" BIGINT NOT NULL AUTO_INCREMENT COMMENT '自增主键', ""KEY"" VARCHAR(32) NULL COMMENT '�?,
  `value`              VARCHAR(1024) NULL       COMMENT '�[*]?, ""DESCRIPTION"" VARCHAR(128 ) NULL COMMENT '描述', ""SCOPE"" VARCHAR(32) NULL COMMENT '适用范围', ""CREATED_AT"" DATETIME NULL COMMENT '创建时间', ""UPDATED_AT"" DATETIME NULL COMMENT '更新时间', PRIMARY KEY (""ID"") ) "; expected "[, ::, *, /, %, +, -, ||, ~, !~, NOT, LIKE, REGEXP, IS, IN, BETWEEN, AND, OR, CONSTRAINT, PRIMARY, UNIQUE, NOT, NULL, CHECK, REFERENCES, ,, )"; SQL statement:
CREATE TABLE IF NOT EXISTS `ecp_configs` ( `id` BIGINT NOT NULL AUTO_INCREMENT COMMENT '自增主键', `key` VARCHAR(32) NULL COMMENT '�?,
  `value`              VARCHAR(1024) NULL       COMMENT '�?, `description` VARCHAR(128 ) NULL COMMENT '描述', `scope` VARCHAR(32) NULL COMMENT '适用范围', `created_at` DATETIME NULL COMMENT '创建时间', `updated_at` DATETIME NULL COMMENT '更新时间', PRIMARY KEY (`id`) ) [42001-174]
	at org.springframework.beans.factory.support.BeanDefinitionValueResolver.resolveReference(BeanDefinitionValueResolver.java:359)
	at org.springframework.beans.factory.support.BeanDefinitionValueResolver.resolveValueIfNecessary(BeanDefinitionValueResolver.java:108)
	at org.springframework.beans.factory.support.AbstractAutowireCapableBeanFactory.applyPropertyValues(AbstractAutowireCapableBeanFactory.java:1477)
	at org.springframework.beans.factory.support.AbstractAutowireCapableBeanFactory.populateBean(AbstractAutowireCapableBeanFactory.java:1222)
	at org.springframework.beans.factory.support.AbstractAutowireCapableBeanFactory.doCreateBean(AbstractAutowireCapableBeanFactory.java:537)
	at org.springframework.beans.factory.support.AbstractAutowireCapableBeanFactory.createBean(AbstractAutowireCapableBeanFactory.java:476)
	at org.springframework.beans.factory.support.AbstractBeanFactory$1.getObject(AbstractBeanFactory.java:303)
	at org.springframework.beans.factory.support.DefaultSingletonBeanRegistry.getSingleton(DefaultSingletonBeanRegistry.java:230)
	at org.springframework.beans.factory.support.AbstractBeanFactory.doGetBean(AbstractBeanFactory.java:299)
	at org.springframework.beans.factory.support.AbstractBeanFactory.getBean(AbstractBeanFactory.java:194)
	at org.springframework.beans.factory.support.DefaultListableBeanFactory.findAutowireCandidates(DefaultListableBeanFactory.java:1120)
	at org.springframework.beans.factory.support.DefaultListableBeanFactory.doResolveDependency(DefaultListableBeanFactory.java:1044)
	at org.springframework.beans.factory.support.DefaultListableBeanFactory.resolveDependency(DefaultListableBeanFactory.java:942)
	at org.springframework.beans.factory.annotation.AutowiredAnnotationBeanPostProcessor$AutowiredMethodElement.inject(AutowiredAnnotationBeanPostProcessor.java:606)
	... 49 more
Caused by: org.springframework.beans.factory.BeanCreationException: Error creating bean with name 'dataSource': Invocation of init method failed; nested exception is org.springframework.jdbc.datasource.init.ScriptStatementFailedException: Failed to execute SQL script statement #2 of resource file [D:\gomeo2o_workspace1\gomeo2o_pro\venus-configuration\trunk\target\test-classes\sql\h2\config.sql]: CREATE TABLE IF NOT EXISTS `ecp_configs` ( `id` BIGINT NOT NULL AUTO_INCREMENT COMMENT '自增主键', `key` VARCHAR(32) NULL COMMENT '�?,
  `value`              VARCHAR(1024) NULL       COMMENT '�?, `description` VARCHAR(128 ) NULL COMMENT '描述', `scope` VARCHAR(32) NULL COMMENT '适用范围', `created_at` DATETIME NULL COMMENT '创建时间', `updated_at` DATETIME NULL COMMENT '更新时间', PRIMARY KEY (`id`) ); nested exception is org.h2.jdbc.JdbcSQLException: Syntax error in SQL statement "CREATE TABLE IF NOT EXISTS ""ECP_CONFIGS"" ( ""ID"" BIGINT NOT NULL AUTO_INCREMENT COMMENT '自增主键', ""KEY"" VARCHAR(32) NULL COMMENT '�?,
  `value`              VARCHAR(1024) NULL       COMMENT '�[*]?, ""DESCRIPTION"" VARCHAR(128 ) NULL COMMENT '描述', ""SCOPE"" VARCHAR(32) NULL COMMENT '适用范围', ""CREATED_AT"" DATETIME NULL COMMENT '创建时间', ""UPDATED_AT"" DATETIME NULL COMMENT '更新时间', PRIMARY KEY (""ID"") ) "; expected "[, ::, *, /, %, +, -, ||, ~, !~, NOT, LIKE, REGEXP, IS, IN, BETWEEN, AND, OR, CONSTRAINT, PRIMARY, UNIQUE, NOT, NULL, CHECK, REFERENCES, ,, )"; SQL statement:
CREATE TABLE IF NOT EXISTS `ecp_configs` ( `id` BIGINT NOT NULL AUTO_INCREMENT COMMENT '自增主键', `key` VARCHAR(32) NULL COMMENT '�?,
  `value`              VARCHAR(1024) NULL       COMMENT '�?, `description` VARCHAR(128 ) NULL COMMENT '描述', `scope` VARCHAR(32) NULL COMMENT '适用范围', `created_at` DATETIME NULL COMMENT '创建时间', `updated_at` DATETIME NULL COMMENT '更新时间', PRIMARY KEY (`id`) ) [42001-174]
	at org.springframework.beans.factory.support.AbstractAutowireCapableBeanFactory.initializeBean(AbstractAutowireCapableBeanFactory.java:1574)
	at org.springframework.beans.factory.support.AbstractAutowireCapableBeanFactory.doCreateBean(AbstractAutowireCapableBeanFactory.java:539)
	at org.springframework.beans.factory.support.AbstractAutowireCapableBeanFactory.createBean(AbstractAutowireCapableBeanFactory.java:476)
	at org.springframework.beans.factory.support.AbstractBeanFactory$1.getObject(AbstractBeanFactory.java:303)
	at org.springframework.beans.factory.support.DefaultSingletonBeanRegistry.getSingleton(DefaultSingletonBeanRegistry.java:230)
	at org.springframework.beans.factory.support.AbstractBeanFactory.doGetBean(AbstractBeanFactory.java:299)
	at org.springframework.beans.factory.support.AbstractBeanFactory.getBean(AbstractBeanFactory.java:194)
	at org.springframework.beans.factory.support.BeanDefinitionValueResolver.resolveReference(BeanDefinitionValueResolver.java:351)
	... 62 more
Caused by: org.springframework.jdbc.datasource.init.ScriptStatementFailedException: Failed to execute SQL script statement #2 of resource file [D:\gomeo2o_workspace1\gomeo2o_pro\venus-configuration\trunk\target\test-classes\sql\h2\config.sql]: CREATE TABLE IF NOT EXISTS `ecp_configs` ( `id` BIGINT NOT NULL AUTO_INCREMENT COMMENT '自增主键', `key` VARCHAR(32) NULL COMMENT '�?,
  `value`              VARCHAR(1024) NULL       COMMENT '�?, `description` VARCHAR(128 ) NULL COMMENT '描述', `scope` VARCHAR(32) NULL COMMENT '适用范围', `created_at` DATETIME NULL COMMENT '创建时间', `updated_at` DATETIME NULL COMMENT '更新时间', PRIMARY KEY (`id`) ); nested exception is org.h2.jdbc.JdbcSQLException: Syntax error in SQL statement "CREATE TABLE IF NOT EXISTS ""ECP_CONFIGS"" ( ""ID"" BIGINT NOT NULL AUTO_INCREMENT COMMENT '自增主键', ""KEY"" VARCHAR(32) NULL COMMENT '�?,
  `value`              VARCHAR(1024) NULL       COMMENT '�[*]?, ""DESCRIPTION"" VARCHAR(128 ) NULL COMMENT '描述', ""SCOPE"" VARCHAR(32) NULL COMMENT '适用范围', ""CREATED_AT"" DATETIME NULL COMMENT '创建时间', ""UPDATED_AT"" DATETIME NULL COMMENT '更新时间', PRIMARY KEY (""ID"") ) "; expected "[, ::, *, /, %, +, -, ||, ~, !~, NOT, LIKE, REGEXP, IS, IN, BETWEEN, AND, OR, CONSTRAINT, PRIMARY, UNIQUE, NOT, NULL, CHECK, REFERENCES, ,, )"; SQL statement:
CREATE TABLE IF NOT EXISTS `ecp_configs` ( `id` BIGINT NOT NULL AUTO_INCREMENT COMMENT '自增主键', `key` VARCHAR(32) NULL COMMENT '�?,
  `value`              VARCHAR(1024) NULL       COMMENT '�?, `description` VARCHAR(128 ) NULL COMMENT '描述', `scope` VARCHAR(32) NULL COMMENT '适用范围', `created_at` DATETIME NULL COMMENT '创建时间', `updated_at` DATETIME NULL COMMENT '更新时间', PRIMARY KEY (`id`) ) [42001-174]
	at org.springframework.jdbc.datasource.init.ScriptUtils.executeSqlScript(ScriptUtils.java:472)
	at org.springframework.jdbc.datasource.init.ResourceDatabasePopulator.populate(ResourceDatabasePopulator.java:229)
	at org.springframework.jdbc.datasource.init.CompositeDatabasePopulator.populate(CompositeDatabasePopulator.java:60)
	at org.springframework.jdbc.datasource.init.DatabasePopulatorUtils.execute(DatabasePopulatorUtils.java:48)
	at org.springframework.jdbc.datasource.embedded.EmbeddedDatabaseFactory.initDatabase(EmbeddedDatabaseFactory.java:159)
	at org.springframework.jdbc.datasource.embedded.EmbeddedDatabaseFactoryBean.afterPropertiesSet(EmbeddedDatabaseFactoryBean.java:62)
	at org.springframework.beans.factory.support.AbstractAutowireCapableBeanFactory.invokeInitMethods(AbstractAutowireCapableBeanFactory.java:1633)
	at org.springframework.beans.factory.support.AbstractAutowireCapableBeanFactory.initializeBean(AbstractAutowireCapableBeanFactory.java:1570)
	... 69 more
Caused by: org.h2.jdbc.JdbcSQLException: Syntax error in SQL statement "CREATE TABLE IF NOT EXISTS ""ECP_CONFIGS"" ( ""ID"" BIGINT NOT NULL AUTO_INCREMENT COMMENT '自增主键', ""KEY"" VARCHAR(32) NULL COMMENT '�?,
  `value`              VARCHAR(1024) NULL       COMMENT '�[*]?, ""DESCRIPTION"" VARCHAR(128 ) NULL COMMENT '描述', ""SCOPE"" VARCHAR(32) NULL COMMENT '适用范围', ""CREATED_AT"" DATETIME NULL COMMENT '创建时间', ""UPDATED_AT"" DATETIME NULL COMMENT '更新时间', PRIMARY KEY (""ID"") ) "; expected "[, ::, *, /, %, +, -, ||, ~, !~, NOT, LIKE, REGEXP, IS, IN, BETWEEN, AND, OR, CONSTRAINT, PRIMARY, UNIQUE, NOT, NULL, CHECK, REFERENCES, ,, )"; SQL statement:
CREATE TABLE IF NOT EXISTS `ecp_configs` ( `id` BIGINT NOT NULL AUTO_INCREMENT COMMENT '自增主键', `key` VARCHAR(32) NULL COMMENT '�?,
  `value`              VARCHAR(1024) NULL       COMMENT '�?, `description` VARCHAR(128 ) NULL COMMENT '描述', `scope` VARCHAR(32) NULL COMMENT '适用范围', `created_at` DATETIME NULL COMMENT '创建时间', `updated_at` DATETIME NULL COMMENT '更新时间', PRIMARY KEY (`id`) ) [42001-174]
	at org.h2.message.DbException.getJdbcSQLException(DbException.java:332)
	at org.h2.message.DbException.getSyntaxError(DbException.java:197)
	at org.h2.command.Parser.getSyntaxError(Parser.java:504)
	at org.h2.command.Parser.read(Parser.java:2867)
	at org.h2.command.Parser.readIfMore(Parser.java:822)
	at org.h2.command.Parser.parseCreateTable(Parser.java:5416)
	at org.h2.command.Parser.parseCreate(Parser.java:3890)
	at org.h2.command.Parser.parsePrepared(Parser.java:334)
	at org.h2.command.Parser.parse(Parser.java:289)
	at org.h2.command.Parser.parse(Parser.java:265)
	at org.h2.command.Parser.prepareCommand(Parser.java:226)
	at org.h2.engine.Session.prepareLocal(Session.java:437)
	at org.h2.engine.Session.prepareCommand(Session.java:380)
	at org.h2.jdbc.JdbcConnection.prepareCommand(JdbcConnection.java:1138)
	at org.h2.jdbc.JdbcStatement.executeInternal(JdbcStatement.java:168)
	at org.h2.jdbc.JdbcStatement.execute(JdbcStatement.java:156)
	at org.springframework.jdbc.datasource.init.ScriptUtils.executeSqlScript(ScriptUtils.java:457)
	... 76 more

