<?xml version="1.0" encoding="UTF-8" ?>
<testsuite failures="0" time="0.043" errors="2" skipped="0" tests="2" name="cn.com.gome.configuration.dao.GomeConfigDaoTest">
  <properties>
[...]
</properties>
  <testcase time="0.041" classname="cn.com.gome.configuration.dao.GomeConfigDaoTest" name="testPagingConfigs">
    <error message="Failed to load ApplicationContext" type="java.lang.IllegalStateException">java.lang.IllegalStateException: Failed to load ApplicationContext
	at org.springframework.test.context.DefaultCacheAwareContextLoaderDelegate.loadContext(DefaultCacheAwareContextLoaderDelegate.java:94)
	at org.springframework.test.context.DefaultTestContext.getApplicationContext(DefaultTestContext.java:72)
	at org.springframework.test.context.support.DependencyInjectionTestExecutionListener.injectDependencies(DependencyInjectionTestExecutionListener.java:117)
	at org.springframework.test.context.support.DependencyInjectionTestExecutionListener.prepareTestInstance(DependencyInjectionTestExecutionListener.java:83)
	at org.springframework.test.context.TestContextManager.prepareTestInstance(TestContextManager.java:212)
	at org.springframework.test.context.junit4.SpringJUnit4ClassRunner.createTest(SpringJUnit4ClassRunner.java:200)
	at org.springframework.test.context.junit4.SpringJUnit4ClassRunner$1.runReflectiveCall(SpringJUnit4ClassRunner.java:259)
	at org.junit.internal.runners.model.ReflectiveCallable.run(ReflectiveCallable.java:12)
	at org.springframework.test.context.junit4.SpringJUnit4ClassRunner.methodBlock(SpringJUnit4ClassRunner.java:261)
	at org.springframework.test.context.junit4.SpringJUnit4ClassRunner.runChild(SpringJUnit4ClassRunner.java:219)
	at org.springframework.test.context.junit4.SpringJUnit4ClassRunner.runChild(SpringJUnit4ClassRunner.java:83)
	at org.junit.runners.ParentRunner$3.run(ParentRunner.java:238)
	at org.junit.runners.ParentRunner$1.schedule(ParentRunner.java:63)
	at org.junit.runners.ParentRunner.runChildren(ParentRunner.java:236)
	at org.junit.runners.ParentRunner.access$000(ParentRunner.java:53)
	at org.junit.runners.ParentRunner$2.evaluate(ParentRunner.java:229)
	at org.springframework.test.context.junit4.statements.RunBeforeTestClassCallbacks.evaluate(RunBeforeTestClassCallbacks.java:61)
	at org.springframework.test.context.junit4.statements.RunAfterTestClassCallbacks.evaluate(RunAfterTestClassCallbacks.java:68)
	at org.junit.runners.ParentRunner.run(ParentRunner.java:309)
	at org.springframework.test.context.junit4.SpringJUnit4ClassRunner.run(SpringJUnit4ClassRunner.java:163)
	at org.apache.maven.surefire.junit4.JUnit4Provider.execute(JUnit4Provider.java:252)
	at org.apache.maven.surefire.junit4.JUnit4Provider.executeTestSet(JUnit4Provider.java:141)
	at org.apache.maven.surefire.junit4.JUnit4Provider.invoke(JUnit4Provider.java:112)
	at sun.reflect.NativeMethodAccessorImpl.invoke0(Native Method)
	at sun.reflect.NativeMethodAccessorImpl.invoke(NativeMethodAccessorImpl.java:57)
	at sun.reflect.DelegatingMethodAccessorImpl.invoke(DelegatingMethodAccessorImpl.java:43)
	at java.lang.reflect.Method.invoke(Method.java:606)
	at org.apache.maven.surefire.util.ReflectionUtils.invokeMethodWithArray(ReflectionUtils.java:189)
	at org.apache.maven.surefire.booter.ProviderFactory$ProviderProxy.invoke(ProviderFactory.java:165)
	at org.apache.maven.surefire.booter.ProviderFactory.invokeProvider(ProviderFactory.java:85)
	at org.apache.maven.surefire.booter.ForkedBooter.runSuitesInProcess(ForkedBooter.java:115)
	at org.apache.maven.surefire.booter.ForkedBooter.main(ForkedBooter.java:75)
Caused by: org.springframework.beans.factory.BeanCreationException: Error creating bean with name &apos;gomeConfigDaoImpl&apos;: Injection of autowired dependencies failed; nested exception is org.springframework.beans.factory.BeanCreationException: Could not autowire method: public final void org.mybatis.spring.support.SqlSessionDaoSupport.setSqlSessionFactory(org.apache.ibatis.session.SqlSessionFactory); nested exception is org.springframework.beans.factory.BeanCreationException: Error creating bean with name &apos;sqlSessionFactory&apos; defined in class path resource [spring/mysql-dao-context-test.xml]: Cannot resolve reference to bean &apos;dataSource&apos; while setting bean property &apos;dataSource&apos;; nested exception is org.springframework.beans.factory.BeanCreationException: Error creating bean with name &apos;dataSource&apos;: Invocation of init method failed; nested exception is org.springframework.jdbc.datasource.init.ScriptStatementFailedException: Failed to execute SQL script statement #2 of resource file [D:\gomeo2o_workspace1\gomeo2o_pro\venus-configuration\trunk\target\test-classes\sql\h2\config.sql]: CREATE TABLE IF NOT EXISTS `ecp_configs` ( `id` BIGINT NOT NULL AUTO_INCREMENT COMMENT &apos;鑷涓婚敭&apos;, `key` VARCHAR(32) NULL COMMENT &apos;閿�,
  `value`              VARCHAR(1024) NULL       COMMENT &apos;鍊�, `description` VARCHAR(128 ) NULL COMMENT &apos;鎻忚堪&apos;, `scope` VARCHAR(32) NULL COMMENT &apos;閫傜敤鑼冨洿&apos;, `created_at` DATETIME NULL COMMENT &apos;鍒涘缓鏃堕棿&apos;, `updated_at` DATETIME NULL COMMENT &apos;鏇存柊鏃堕棿&apos;, PRIMARY KEY (`id`) ); nested exception is org.h2.jdbc.JdbcSQLException: Syntax error in SQL statement &quot;CREATE TABLE IF NOT EXISTS &quot;&quot;ECP_CONFIGS&quot;&quot; ( &quot;&quot;ID&quot;&quot; BIGINT NOT NULL AUTO_INCREMENT COMMENT &apos;鑷涓婚敭&apos;, &quot;&quot;KEY&quot;&quot; VARCHAR(32) NULL COMMENT &apos;閿�,
  `value`              VARCHAR(1024) NULL       COMMENT &apos;鍊[*]�, &quot;&quot;DESCRIPTION&quot;&quot; VARCHAR(128 ) NULL COMMENT &apos;鎻忚堪&apos;, &quot;&quot;SCOPE&quot;&quot; VARCHAR(32) NULL COMMENT &apos;閫傜敤鑼冨洿&apos;, &quot;&quot;CREATED_AT&quot;&quot; DATETIME NULL COMMENT &apos;鍒涘缓鏃堕棿&apos;, &quot;&quot;UPDATED_AT&quot;&quot; DATETIME NULL COMMENT &apos;鏇存柊鏃堕棿&apos;, PRIMARY KEY (&quot;&quot;ID&quot;&quot;) ) &quot;; expected &quot;[, ::, *, /, %, +, -, ||, ~, !~, NOT, LIKE, REGEXP, IS, IN, BETWEEN, AND, OR, CONSTRAINT, PRIMARY, UNIQUE, NOT, NULL, CHECK, REFERENCES, ,, )&quot;; SQL statement:
CREATE TABLE IF NOT EXISTS `ecp_configs` ( `id` BIGINT NOT NULL AUTO_INCREMENT COMMENT &apos;鑷涓婚敭&apos;, `key` VARCHAR(32) NULL COMMENT &apos;閿�,
  `value`              VARCHAR(1024) NULL       COMMENT &apos;鍊�, `description` VARCHAR(128 ) NULL COMMENT &apos;鎻忚堪&apos;, `scope` VARCHAR(32) NULL COMMENT &apos;閫傜敤鑼冨洿&apos;, `created_at` DATETIME NULL COMMENT &apos;鍒涘缓鏃堕棿&apos;, `updated_at` DATETIME NULL COMMENT &apos;鏇存柊鏃堕棿&apos;, PRIMARY KEY (`id`) ) [42001-174]
	at org.springframework.beans.factory.annotation.AutowiredAnnotationBeanPostProcessor.postProcessPropertyValues(AutowiredAnnotationBeanPostProcessor.java:334)
	at org.springframework.beans.factory.support.AbstractAutowireCapableBeanFactory.populateBean(AbstractAutowireCapableBeanFactory.java:1210)
	at org.springframework.beans.factory.support.AbstractAutowireCapableBeanFactory.doCreateBean(AbstractAutowireCapableBeanFactory.java:537)
	at org.springframework.beans.factory.support.AbstractAutowireCapableBeanFactory.createBean(AbstractAutowireCapableBeanFactory.java:476)
	at org.springframework.beans.factory.support.AbstractBeanFactory$1.getObject(AbstractBeanFactory.java:303)
	at org.springframework.beans.factory.support.DefaultSingletonBeanRegistry.getSingleton(DefaultSingletonBeanRegistry.java:230)
	at org.springframework.beans.factory.support.AbstractBeanFactory.doGetBean(AbstractBeanFactory.java:299)
	at org.springframework.beans.factory.support.AbstractBeanFactory.getBean(AbstractBeanFactory.java:194)
	at org.springframework.beans.factory.support.DefaultListableBeanFactory.preInstantiateSingletons(DefaultListableBeanFactory.java:755)
	at org.springframework.context.support.AbstractApplicationContext.finishBeanFactoryInitialization(AbstractApplicationContext.java:757)
	at org.springframework.context.support.AbstractApplicationContext.refresh(AbstractApplicationContext.java:480)
	at org.springframework.test.context.support.AbstractGenericContextLoader.loadContext(AbstractGenericContextLoader.java:125)
	at org.springframework.test.context.support.AbstractGenericContextLoader.loadContext(AbstractGenericContextLoader.java:60)
	at org.springframework.test.context.support.AbstractDelegatingSmartContextLoader.delegateLoading(AbstractDelegatingSmartContextLoader.java:109)
	at org.springframework.test.context.support.AbstractDelegatingSmartContextLoader.loadContext(AbstractDelegatingSmartContextLoader.java:261)
	at org.springframework.test.context.DefaultCacheAwareContextLoaderDelegate.loadContextInternal(DefaultCacheAwareContextLoaderDelegate.java:68)
	at org.springframework.test.context.DefaultCacheAwareContextLoaderDelegate.loadContext(DefaultCacheAwareContextLoaderDelegate.java:86)
	... 31 more
Caused by: org.springframework.beans.factory.BeanCreationException: Could not autowire method: public final void org.mybatis.spring.support.SqlSessionDaoSupport.setSqlSessionFactory(org.apache.ibatis.session.SqlSessionFactory); nested exception is org.springframework.beans.factory.BeanCreationException: Error creating bean with name &apos;sqlSessionFactory&apos; defined in class path resource [spring/mysql-dao-context-test.xml]: Cannot resolve reference to bean &apos;dataSource&apos; while setting bean property &apos;dataSource&apos;; nested exception is org.springframework.beans.factory.BeanCreationException: Error creating bean with name &apos;dataSource&apos;: Invocation of init method failed; nested exception is org.springframework.jdbc.datasource.init.ScriptStatementFailedException: Failed to execute SQL script statement #2 of resource file [D:\gomeo2o_workspace1\gomeo2o_pro\venus-configuration\trunk\target\test-classes\sql\h2\config.sql]: CREATE TABLE IF NOT EXISTS `ecp_configs` ( `id` BIGINT NOT NULL AUTO_INCREMENT COMMENT &apos;鑷涓婚敭&apos;, `key` VARCHAR(32) NULL COMMENT &apos;閿�,
  `value`              VARCHAR(1024) NULL       COMMENT &apos;鍊�, `description` VARCHAR(128 ) NULL COMMENT &apos;鎻忚堪&apos;, `scope` VARCHAR(32) NULL COMMENT &apos;閫傜敤鑼冨洿&apos;, `created_at` DATETIME NULL COMMENT &apos;鍒涘缓鏃堕棿&apos;, `updated_at` DATETIME NULL COMMENT &apos;鏇存柊鏃堕棿&apos;, PRIMARY KEY (`id`) ); nested exception is org.h2.jdbc.JdbcSQLException: Syntax error in SQL statement &quot;CREATE TABLE IF NOT EXISTS &quot;&quot;ECP_CONFIGS&quot;&quot; ( &quot;&quot;ID&quot;&quot; BIGINT NOT NULL AUTO_INCREMENT COMMENT &apos;鑷涓婚敭&apos;, &quot;&quot;KEY&quot;&quot; VARCHAR(32) NULL COMMENT &apos;閿�,
  `value`              VARCHAR(1024) NULL       COMMENT &apos;鍊[*]�, &quot;&quot;DESCRIPTION&quot;&quot; VARCHAR(128 ) NULL COMMENT &apos;鎻忚堪&apos;, &quot;&quot;SCOPE&quot;&quot; VARCHAR(32) NULL COMMENT &apos;閫傜敤鑼冨洿&apos;, &quot;&quot;CREATED_AT&quot;&quot; DATETIME NULL COMMENT &apos;鍒涘缓鏃堕棿&apos;, &quot;&quot;UPDATED_AT&quot;&quot; DATETIME NULL COMMENT &apos;鏇存柊鏃堕棿&apos;, PRIMARY KEY (&quot;&quot;ID&quot;&quot;) ) &quot;; expected &quot;[, ::, *, /, %, +, -, ||, ~, !~, NOT, LIKE, REGEXP, IS, IN, BETWEEN, AND, OR, CONSTRAINT, PRIMARY, UNIQUE, NOT, NULL, CHECK, REFERENCES, ,, )&quot;; SQL statement:
CREATE TABLE IF NOT EXISTS `ecp_configs` ( `id` BIGINT NOT NULL AUTO_INCREMENT COMMENT &apos;鑷涓婚敭&apos;, `key` VARCHAR(32) NULL COMMENT &apos;閿�,
  `value`              VARCHAR(1024) NULL       COMMENT &apos;鍊�, `description` VARCHAR(128 ) NULL COMMENT &apos;鎻忚堪&apos;, `scope` VARCHAR(32) NULL COMMENT &apos;閫傜敤鑼冨洿&apos;, `created_at` DATETIME NULL COMMENT &apos;鍒涘缓鏃堕棿&apos;, `updated_at` DATETIME NULL COMMENT &apos;鏇存柊鏃堕棿&apos;, PRIMARY KEY (`id`) ) [42001-174]
	at org.springframework.beans.factory.annotation.AutowiredAnnotationBeanPostProcessor$AutowiredMethodElement.inject(AutowiredAnnotationBeanPostProcessor.java:649)
	at org.springframework.beans.factory.annotation.InjectionMetadata.inject(InjectionMetadata.java:88)
	at org.springframework.beans.factory.annotation.AutowiredAnnotationBeanPostProcessor.postProcessPropertyValues(AutowiredAnnotationBeanPostProcessor.java:331)
	... 47 more
Caused by: org.springframework.beans.factory.BeanCreationException: Error creating bean with name &apos;sqlSessionFactory&apos; defined in class path resource [spring/mysql-dao-context-test.xml]: Cannot resolve reference to bean &apos;dataSource&apos; while setting bean property &apos;dataSource&apos;; nested exception is org.springframework.beans.factory.BeanCreationException: Error creating bean with name &apos;dataSource&apos;: Invocation of init method failed; nested exception is org.springframework.jdbc.datasource.init.ScriptStatementFailedException: Failed to execute SQL script statement #2 of resource file [D:\gomeo2o_workspace1\gomeo2o_pro\venus-configuration\trunk\target\test-classes\sql\h2\config.sql]: CREATE TABLE IF NOT EXISTS `ecp_configs` ( `id` BIGINT NOT NULL AUTO_INCREMENT COMMENT &apos;鑷涓婚敭&apos;, `key` VARCHAR(32) NULL COMMENT &apos;閿�,
  `value`              VARCHAR(1024) NULL       COMMENT &apos;鍊�, `description` VARCHAR(128 ) NULL COMMENT &apos;鎻忚堪&apos;, `scope` VARCHAR(32) NULL COMMENT &apos;閫傜敤鑼冨洿&apos;, `created_at` DATETIME NULL COMMENT &apos;鍒涘缓鏃堕棿&apos;, `updated_at` DATETIME NULL COMMENT &apos;鏇存柊鏃堕棿&apos;, PRIMARY KEY (`id`) ); nested exception is org.h2.jdbc.JdbcSQLException: Syntax error in SQL statement &quot;CREATE TABLE IF NOT EXISTS &quot;&quot;ECP_CONFIGS&quot;&quot; ( &quot;&quot;ID&quot;&quot; BIGINT NOT NULL AUTO_INCREMENT COMMENT &apos;鑷涓婚敭&apos;, &quot;&quot;KEY&quot;&quot; VARCHAR(32) NULL COMMENT &apos;閿�,
  `value`              VARCHAR(1024) NULL       COMMENT &apos;鍊[*]�, &quot;&quot;DESCRIPTION&quot;&quot; VARCHAR(128 ) NULL COMMENT &apos;鎻忚堪&apos;, &quot;&quot;SCOPE&quot;&quot; VARCHAR(32) NULL COMMENT &apos;閫傜敤鑼冨洿&apos;, &quot;&quot;CREATED_AT&quot;&quot; DATETIME NULL COMMENT &apos;鍒涘缓鏃堕棿&apos;, &quot;&quot;UPDATED_AT&quot;&quot; DATETIME NULL COMMENT &apos;鏇存柊鏃堕棿&apos;, PRIMARY KEY (&quot;&quot;ID&quot;&quot;) ) &quot;; expected &quot;[, ::, *, /, %, +, -, ||, ~, !~, NOT, LIKE, REGEXP, IS, IN, BETWEEN, AND, OR, CONSTRAINT, PRIMARY, UNIQUE, NOT, NULL, CHECK, REFERENCES, ,, )&quot;; SQL statement:
CREATE TABLE IF NOT EXISTS `ecp_configs` ( `id` BIGINT NOT NULL AUTO_INCREMENT COMMENT &apos;鑷涓婚敭&apos;, `key` VARCHAR(32) NULL COMMENT &apos;閿�,
  `value`              VARCHAR(1024) NULL       COMMENT &apos;鍊�, `description` VARCHAR(128 ) NULL COMMENT &apos;鎻忚堪&apos;, `scope` VARCHAR(32) NULL COMMENT &apos;閫傜敤鑼冨洿&apos;, `created_at` DATETIME NULL COMMENT &apos;鍒涘缓鏃堕棿&apos;, `updated_at` DATETIME NULL COMMENT &apos;鏇存柊鏃堕棿&apos;, PRIMARY KEY (`id`) ) [42001-174]
	at org.springframework.beans.factory.support.BeanDefinitionValueResolver.resolveReference(BeanDefinitionValueResolver.java:359)
	at org.springframework.beans.factory.support.BeanDefinitionValueResolver.resolveValueIfNecessary(BeanDefinitionValueResolver.java:108)
	at org.springframework.beans.factory.support.AbstractAutowireCapableBeanFactory.applyPropertyValues(AbstractAutowireCapableBeanFactory.java:1477)
	at org.springframework.beans.factory.support.AbstractAutowireCapableBeanFactory.populateBean(AbstractAutowireCapableBeanFactory.java:1222)
	at org.springframework.beans.factory.support.AbstractAutowireCapableBeanFactory.doCreateBean(AbstractAutowireCapableBeanFactory.java:537)
	at org.springframework.beans.factory.support.AbstractAutowireCapableBeanFactory.createBean(AbstractAutowireCapableBeanFactory.java:476)
	at org.springframework.beans.factory.support.AbstractBeanFactory$1.getObject(AbstractBeanFactory.java:303)
	at org.springframework.beans.factory.support.DefaultSingletonBeanRegistry.getSingleton(DefaultSingletonBeanRegistry.java:230)
	at org.springframework.beans.factory.support.AbstractBeanFactory.doGetBean(AbstractBeanFactory.java:299)
	at org.springframework.beans.factory.support.AbstractBeanFactory.getBean(AbstractBeanFactory.java:194)
	at org.springframework.beans.factory.support.DefaultListableBeanFactory.findAutowireCandidates(DefaultListableBeanFactory.java:1120)
	at org.springframework.beans.factory.support.DefaultListableBeanFactory.doResolveDependency(DefaultListableBeanFactory.java:1044)
	at org.springframework.beans.factory.support.DefaultListableBeanFactory.resolveDependency(DefaultListableBeanFactory.java:942)
	at org.springframework.beans.factory.annotation.AutowiredAnnotationBeanPostProcessor$AutowiredMethodElement.inject(AutowiredAnnotationBeanPostProcessor.java:606)
	... 49 more
Caused by: org.springframework.beans.factory.BeanCreationException: Error creating bean with name &apos;dataSource&apos;: Invocation of init method failed; nested exception is org.springframework.jdbc.datasource.init.ScriptStatementFailedException: Failed to execute SQL script statement #2 of resource file [D:\gomeo2o_workspace1\gomeo2o_pro\venus-configuration\trunk\target\test-classes\sql\h2\config.sql]: CREATE TABLE IF NOT EXISTS `ecp_configs` ( `id` BIGINT NOT NULL AUTO_INCREMENT COMMENT &apos;鑷涓婚敭&apos;, `key` VARCHAR(32) NULL COMMENT &apos;閿�,
  `value`              VARCHAR(1024) NULL       COMMENT &apos;鍊�, `description` VARCHAR(128 ) NULL COMMENT &apos;鎻忚堪&apos;, `scope` VARCHAR(32) NULL COMMENT &apos;閫傜敤鑼冨洿&apos;, `created_at` DATETIME NULL COMMENT &apos;鍒涘缓鏃堕棿&apos;, `updated_at` DATETIME NULL COMMENT &apos;鏇存柊鏃堕棿&apos;, PRIMARY KEY (`id`) ); nested exception is org.h2.jdbc.JdbcSQLException: Syntax error in SQL statement &quot;CREATE TABLE IF NOT EXISTS &quot;&quot;ECP_CONFIGS&quot;&quot; ( &quot;&quot;ID&quot;&quot; BIGINT NOT NULL AUTO_INCREMENT COMMENT &apos;鑷涓婚敭&apos;, &quot;&quot;KEY&quot;&quot; VARCHAR(32) NULL COMMENT &apos;閿�,
  `value`              VARCHAR(1024) NULL       COMMENT &apos;鍊[*]�, &quot;&quot;DESCRIPTION&quot;&quot; VARCHAR(128 ) NULL COMMENT &apos;鎻忚堪&apos;, &quot;&quot;SCOPE&quot;&quot; VARCHAR(32) NULL COMMENT &apos;閫傜敤鑼冨洿&apos;, &quot;&quot;CREATED_AT&quot;&quot; DATETIME NULL COMMENT &apos;鍒涘缓鏃堕棿&apos;, &quot;&quot;UPDATED_AT&quot;&quot; DATETIME NULL COMMENT &apos;鏇存柊鏃堕棿&apos;, PRIMARY KEY (&quot;&quot;ID&quot;&quot;) ) &quot;; expected &quot;[, ::, *, /, %, +, -, ||, ~, !~, NOT, LIKE, REGEXP, IS, IN, BETWEEN, AND, OR, CONSTRAINT, PRIMARY, UNIQUE, NOT, NULL, CHECK, REFERENCES, ,, )&quot;; SQL statement:
CREATE TABLE IF NOT EXISTS `ecp_configs` ( `id` BIGINT NOT NULL AUTO_INCREMENT COMMENT &apos;鑷涓婚敭&apos;, `key` VARCHAR(32) NULL COMMENT &apos;閿�,
  `value`              VARCHAR(1024) NULL       COMMENT &apos;鍊�, `description` VARCHAR(128 ) NULL COMMENT &apos;鎻忚堪&apos;, `scope` VARCHAR(32) NULL COMMENT &apos;閫傜敤鑼冨洿&apos;, `created_at` DATETIME NULL COMMENT &apos;鍒涘缓鏃堕棿&apos;, `updated_at` DATETIME NULL COMMENT &apos;鏇存柊鏃堕棿&apos;, PRIMARY KEY (`id`) ) [42001-174]
	at org.springframework.beans.factory.support.AbstractAutowireCapableBeanFactory.initializeBean(AbstractAutowireCapableBeanFactory.java:1574)
	at org.springframework.beans.factory.support.AbstractAutowireCapableBeanFactory.doCreateBean(AbstractAutowireCapableBeanFactory.java:539)
	at org.springframework.beans.factory.support.AbstractAutowireCapableBeanFactory.createBean(AbstractAutowireCapableBeanFactory.java:476)
	at org.springframework.beans.factory.support.AbstractBeanFactory$1.getObject(AbstractBeanFactory.java:303)
	at org.springframework.beans.factory.support.DefaultSingletonBeanRegistry.getSingleton(DefaultSingletonBeanRegistry.java:230)
	at org.springframework.beans.factory.support.AbstractBeanFactory.doGetBean(AbstractBeanFactory.java:299)
	at org.springframework.beans.factory.support.AbstractBeanFactory.getBean(AbstractBeanFactory.java:194)
	at org.springframework.beans.factory.support.BeanDefinitionValueResolver.resolveReference(BeanDefinitionValueResolver.java:351)
	... 62 more
Caused by: org.springframework.jdbc.datasource.init.ScriptStatementFailedException: Failed to execute SQL script statement #2 of resource file [D:\gomeo2o_workspace1\gomeo2o_pro\venus-configuration\trunk\target\test-classes\sql\h2\config.sql]: CREATE TABLE IF NOT EXISTS `ecp_configs` ( `id` BIGINT NOT NULL AUTO_INCREMENT COMMENT &apos;鑷涓婚敭&apos;, `key` VARCHAR(32) NULL COMMENT &apos;閿�,
  `value`              VARCHAR(1024) NULL       COMMENT &apos;鍊�, `description` VARCHAR(128 ) NULL COMMENT &apos;鎻忚堪&apos;, `scope` VARCHAR(32) NULL COMMENT &apos;閫傜敤鑼冨洿&apos;, `created_at` DATETIME NULL COMMENT &apos;鍒涘缓鏃堕棿&apos;, `updated_at` DATETIME NULL COMMENT &apos;鏇存柊鏃堕棿&apos;, PRIMARY KEY (`id`) ); nested exception is org.h2.jdbc.JdbcSQLException: Syntax error in SQL statement &quot;CREATE TABLE IF NOT EXISTS &quot;&quot;ECP_CONFIGS&quot;&quot; ( &quot;&quot;ID&quot;&quot; BIGINT NOT NULL AUTO_INCREMENT COMMENT &apos;鑷涓婚敭&apos;, &quot;&quot;KEY&quot;&quot; VARCHAR(32) NULL COMMENT &apos;閿�,
  `value`              VARCHAR(1024) NULL       COMMENT &apos;鍊[*]�, &quot;&quot;DESCRIPTION&quot;&quot; VARCHAR(128 ) NULL COMMENT &apos;鎻忚堪&apos;, &quot;&quot;SCOPE&quot;&quot; VARCHAR(32) NULL COMMENT &apos;閫傜敤鑼冨洿&apos;, &quot;&quot;CREATED_AT&quot;&quot; DATETIME NULL COMMENT &apos;鍒涘缓鏃堕棿&apos;, &quot;&quot;UPDATED_AT&quot;&quot; DATETIME NULL COMMENT &apos;鏇存柊鏃堕棿&apos;, PRIMARY KEY (&quot;&quot;ID&quot;&quot;) ) &quot;; expected &quot;[, ::, *, /, %, +, -, ||, ~, !~, NOT, LIKE, REGEXP, IS, IN, BETWEEN, AND, OR, CONSTRAINT, PRIMARY, UNIQUE, NOT, NULL, CHECK, REFERENCES, ,, )&quot;; SQL statement:
CREATE TABLE IF NOT EXISTS `ecp_configs` ( `id` BIGINT NOT NULL AUTO_INCREMENT COMMENT &apos;鑷涓婚敭&apos;, `key` VARCHAR(32) NULL COMMENT &apos;閿�,
  `value`              VARCHAR(1024) NULL       COMMENT &apos;鍊�, `description` VARCHAR(128 ) NULL COMMENT &apos;鎻忚堪&apos;, `scope` VARCHAR(32) NULL COMMENT &apos;閫傜敤鑼冨洿&apos;, `created_at` DATETIME NULL COMMENT &apos;鍒涘缓鏃堕棿&apos;, `updated_at` DATETIME NULL COMMENT &apos;鏇存柊鏃堕棿&apos;, PRIMARY KEY (`id`) ) [42001-174]
	at org.springframework.jdbc.datasource.init.ScriptUtils.executeSqlScript(ScriptUtils.java:472)
	at org.springframework.jdbc.datasource.init.ResourceDatabasePopulator.populate(ResourceDatabasePopulator.java:229)
	at org.springframework.jdbc.datasource.init.CompositeDatabasePopulator.populate(CompositeDatabasePopulator.java:60)
	at org.springframework.jdbc.datasource.init.DatabasePopulatorUtils.execute(DatabasePopulatorUtils.java:48)
	at org.springframework.jdbc.datasource.embedded.EmbeddedDatabaseFactory.initDatabase(EmbeddedDatabaseFactory.java:159)
	at org.springframework.jdbc.datasource.embedded.EmbeddedDatabaseFactoryBean.afterPropertiesSet(EmbeddedDatabaseFactoryBean.java:62)
	at org.springframework.beans.factory.support.AbstractAutowireCapableBeanFactory.invokeInitMethods(AbstractAutowireCapableBeanFactory.java:1633)
	at org.springframework.beans.factory.support.AbstractAutowireCapableBeanFactory.initializeBean(AbstractAutowireCapableBeanFactory.java:1570)
	... 69 more
Caused by: org.h2.jdbc.JdbcSQLException: Syntax error in SQL statement &quot;CREATE TABLE IF NOT EXISTS &quot;&quot;ECP_CONFIGS&quot;&quot; ( &quot;&quot;ID&quot;&quot; BIGINT NOT NULL AUTO_INCREMENT COMMENT &apos;鑷涓婚敭&apos;, &quot;&quot;KEY&quot;&quot; VARCHAR(32) NULL COMMENT &apos;閿�,
  `value`              VARCHAR(1024) NULL       COMMENT &apos;鍊[*]�, &quot;&quot;DESCRIPTION&quot;&quot; VARCHAR(128 ) NULL COMMENT &apos;鎻忚堪&apos;, &quot;&quot;SCOPE&quot;&quot; VARCHAR(32) NULL COMMENT &apos;閫傜敤鑼冨洿&apos;, &quot;&quot;CREATED_AT&quot;&quot; DATETIME NULL COMMENT &apos;鍒涘缓鏃堕棿&apos;, &quot;&quot;UPDATED_AT&quot;&quot; DATETIME NULL COMMENT &apos;鏇存柊鏃堕棿&apos;, PRIMARY KEY (&quot;&quot;ID&quot;&quot;) ) &quot;; expected &quot;[, ::, *, /, %, +, -, ||, ~, !~, NOT, LIKE, REGEXP, IS, IN, BETWEEN, AND, OR, CONSTRAINT, PRIMARY, UNIQUE, NOT, NULL, CHECK, REFERENCES, ,, )&quot;; SQL statement:
CREATE TABLE IF NOT EXISTS `ecp_configs` ( `id` BIGINT NOT NULL AUTO_INCREMENT COMMENT &apos;鑷涓婚敭&apos;, `key` VARCHAR(32) NULL COMMENT &apos;閿�,
  `value`              VARCHAR(1024) NULL       COMMENT &apos;鍊�, `description` VARCHAR(128 ) NULL COMMENT &apos;鎻忚堪&apos;, `scope` VARCHAR(32) NULL COMMENT &apos;閫傜敤鑼冨洿&apos;, `created_at` DATETIME NULL COMMENT &apos;鍒涘缓鏃堕棿&apos;, `updated_at` DATETIME NULL COMMENT &apos;鏇存柊鏃堕棿&apos;, PRIMARY KEY (`id`) ) [42001-174]
	at org.h2.message.DbException.getJdbcSQLException(DbException.java:332)
	at org.h2.message.DbException.getSyntaxError(DbException.java:197)
	at org.h2.command.Parser.getSyntaxError(Parser.java:504)
	at org.h2.command.Parser.read(Parser.java:2867)
	at org.h2.command.Parser.readIfMore(Parser.java:822)
	at org.h2.command.Parser.parseCreateTable(Parser.java:5416)
	at org.h2.command.Parser.parseCreate(Parser.java:3890)
	at org.h2.command.Parser.parsePrepared(Parser.java:334)
	at org.h2.command.Parser.parse(Parser.java:289)
	at org.h2.command.Parser.parse(Parser.java:265)
	at org.h2.command.Parser.prepareCommand(Parser.java:226)
	at org.h2.engine.Session.prepareLocal(Session.java:437)
	at org.h2.engine.Session.prepareCommand(Session.java:380)
	at org.h2.jdbc.JdbcConnection.prepareCommand(JdbcConnection.java:1138)
	at org.h2.jdbc.JdbcStatement.executeInternal(JdbcStatement.java:168)
	at org.h2.jdbc.JdbcStatement.execute(JdbcStatement.java:156)
	at org.springframework.jdbc.datasource.init.ScriptUtils.executeSqlScript(ScriptUtils.java:457)
	... 76 more
</error>
    <system-out>13:51:51,218 |-INFO in ch.qos.logback.classic.LoggerContext[default] - Could NOT find resource [logback.groovy]
13:51:51,218 |-INFO in ch.qos.logback.classic.LoggerContext[default] - Could NOT find resource [logback-test.xml]
13:51:51,219 |-INFO in ch.qos.logback.classic.LoggerContext[default] - Found resource [logback.xml] at [file:/D:/gomeo2o_workspace1/gomeo2o_pro/venus-configuration/trunk/target/test-classes/logback.xml]
13:51:51,220 |-WARN in ch.qos.logback.classic.LoggerContext[default] - Resource [logback.xml] occurs multiple times on the classpath.
13:51:51,220 |-WARN in ch.qos.logback.classic.LoggerContext[default] - Resource [logback.xml] occurs at [file:/D:/gomeo2o_workspace1/gomeo2o_pro/venus-configuration/trunk/target/classes/logback.xml]
13:51:51,220 |-WARN in ch.qos.logback.classic.LoggerContext[default] - Resource [logback.xml] occurs at [file:/D:/gomeo2o_workspace1/gomeo2o_pro/venus-configuration/trunk/target/test-classes/logback.xml]
13:51:51,358 |-INFO in ch.qos.logback.classic.joran.action.ConfigurationAction - debug attribute not set
13:51:51,375 |-INFO in ch.qos.logback.core.joran.action.AppenderAction - About to instantiate appender of type [ch.qos.logback.core.ConsoleAppender]
13:51:51,391 |-INFO in ch.qos.logback.core.joran.action.AppenderAction - Naming appender as [STDOUT]
13:51:51,425 |-INFO in ch.qos.logback.core.joran.action.NestedComplexPropertyIA - Assuming default type [ch.qos.logback.classic.encoder.PatternLayoutEncoder] for [encoder] property
13:51:51,547 |-INFO in ch.qos.logback.classic.joran.action.RootLoggerAction - Setting level of ROOT logger to DEBUG
13:51:51,547 |-INFO in ch.qos.logback.core.joran.action.AppenderRefAction - Attaching appender named [STDOUT] to Logger[ROOT]
13:51:51,548 |-INFO in ch.qos.logback.classic.joran.action.ConfigurationAction - End of configuration.
13:51:51,550 |-INFO in ch.qos.logback.classic.joran.JoranConfigurator@36fb8c7a - Registering current configuration as safe fallback point

2016-04-06 13:51:51,662 [DEBUG] o.s.t.c.j.SpringJUnit4ClassRunner [SpringJUnit4ClassRunner.java:113] SpringJUnit4ClassRunner constructor called with [class cn.com.gome.configuration.dao.GomeConfigDaoTest].
2016-04-06 13:51:51,699 [DEBUG] o.s.t.c.BootstrapUtils [BootstrapUtils.java:78] Instantiating TestContextBootstrapper from class [org.springframework.test.context.support.DefaultTestContextBootstrapper]
2016-04-06 13:51:51,751 [DEBUG] o.s.t.c.s.AbstractDelegatingSmartContextLoader [AbstractDelegatingSmartContextLoader.java:97] Delegating to GenericXmlContextLoader to process context configuration [ContextConfigurationAttributes@76dff374 declaringClass = &apos;cn.com.gome.configuration.BaseDaoTest&apos;, classes = &apos;{}&apos;, locations = &apos;{classpath:spring/mysql-dao-context-test.xml}&apos;, inheritLocations = true, initializers = &apos;{}&apos;, inheritInitializers = true, name = [null], contextLoaderClass = &apos;org.springframework.test.context.ContextLoader&apos;].
2016-04-06 13:51:51,761 [DEBUG] o.s.t.c.s.ActiveProfilesUtils [ActiveProfilesUtils.java:83] Could not find an &apos;annotation declaring class&apos; for annotation type [org.springframework.test.context.ActiveProfiles] and class [cn.com.gome.configuration.dao.GomeConfigDaoTest]
2016-04-06 13:51:51,771 [DEBUG] o.s.t.c.s.DefaultTestContextBootstrapper [AbstractTestContextBootstrapper.java:113] @TestExecutionListeners is not present for class [cn.com.gome.configuration.dao.GomeConfigDaoTest]: using defaults.
2016-04-06 13:51:51,792 [INFO] o.s.t.c.s.DefaultTestContextBootstrapper [AbstractTestContextBootstrapper.java:256] Loaded default TestExecutionListener class names from location [META-INF/spring.factories]: [org.springframework.test.context.web.ServletTestExecutionListener, org.springframework.test.context.support.DependencyInjectionTestExecutionListener, org.springframework.test.context.support.DirtiesContextTestExecutionListener, org.springframework.test.context.transaction.TransactionalTestExecutionListener, org.springframework.test.context.jdbc.SqlScriptsTestExecutionListener]
2016-04-06 13:51:51,811 [INFO] o.s.t.c.s.DefaultTestContextBootstrapper [AbstractTestContextBootstrapper.java:204] Could not instantiate TestExecutionListener [org.springframework.test.context.web.ServletTestExecutionListener]. Specify custom listener classes or make the default listener classes (and their required dependencies) available. Offending class: [javax/servlet/ServletContext]
2016-04-06 13:51:51,816 [INFO] o.s.t.c.s.DefaultTestContextBootstrapper [AbstractTestContextBootstrapper.java:182] Using TestExecutionListeners: [org.springframework.test.context.support.DependencyInjectionTestExecutionListener@56d0c5bb, org.springframework.test.context.support.DirtiesContextTestExecutionListener@2465a484, org.springframework.test.context.transaction.TransactionalTestExecutionListener@d13e8c7, org.springframework.test.context.jdbc.SqlScriptsTestExecutionListener@16176786]
2016-04-06 13:51:51,839 [DEBUG] o.s.t.a.ProfileValueUtils [ProfileValueUtils.java:71] Retrieved @ProfileValueSourceConfiguration [null] for test class [cn.com.gome.configuration.dao.GomeConfigDaoTest]
2016-04-06 13:51:51,840 [DEBUG] o.s.t.a.ProfileValueUtils [ProfileValueUtils.java:83] Retrieved ProfileValueSource type [class org.springframework.test.annotation.SystemProfileValueSource] for class [cn.com.gome.configuration.dao.GomeConfigDaoTest]
2016-04-06 13:51:51,842 [DEBUG] o.s.t.a.ProfileValueUtils [ProfileValueUtils.java:71] Retrieved @ProfileValueSourceConfiguration [null] for test class [cn.com.gome.configuration.dao.GomeConfigDaoTest]
2016-04-06 13:51:51,842 [DEBUG] o.s.t.a.ProfileValueUtils [ProfileValueUtils.java:83] Retrieved ProfileValueSource type [class org.springframework.test.annotation.SystemProfileValueSource] for class [cn.com.gome.configuration.dao.GomeConfigDaoTest]
2016-04-06 13:51:51,848 [DEBUG] o.s.t.a.ProfileValueUtils [ProfileValueUtils.java:71] Retrieved @ProfileValueSourceConfiguration [null] for test class [cn.com.gome.configuration.dao.GomeConfigDaoTest]
2016-04-06 13:51:51,849 [DEBUG] o.s.t.a.ProfileValueUtils [ProfileValueUtils.java:83] Retrieved ProfileValueSource type [class org.springframework.test.annotation.SystemProfileValueSource] for class [cn.com.gome.configuration.dao.GomeConfigDaoTest]
2016-04-06 13:51:51,853 [DEBUG] o.s.t.c.s.DependencyInjectionTestExecutionListener [DependencyInjectionTestExecutionListener.java:81] Performing dependency injection for test context [[DefaultTestContext@5dbd3f6f testClass = GomeConfigDaoTest, testInstance = cn.com.gome.configuration.dao.GomeConfigDaoTest@338fc07d, testMethod = [null], testException = [null], mergedContextConfiguration = [MergedContextConfiguration@22a668fd testClass = GomeConfigDaoTest, locations = &apos;{classpath:spring/mysql-dao-context-test.xml}&apos;, classes = &apos;{}&apos;, contextInitializerClasses = &apos;[]&apos;, activeProfiles = &apos;{}&apos;, propertySourceLocations = &apos;{}&apos;, propertySourceProperties = &apos;{}&apos;, contextLoader = &apos;org.springframework.test.context.support.DelegatingSmartContextLoader&apos;, parent = [null]]]].
2016-04-06 13:51:51,854 [DEBUG] o.s.t.c.s.AbstractDelegatingSmartContextLoader [AbstractDelegatingSmartContextLoader.java:107] Delegating to GenericXmlContextLoader to load context from [MergedContextConfiguration@22a668fd testClass = GomeConfigDaoTest, locations = &apos;{classpath:spring/mysql-dao-context-test.xml}&apos;, classes = &apos;{}&apos;, contextInitializerClasses = &apos;[]&apos;, activeProfiles = &apos;{}&apos;, propertySourceLocations = &apos;{}&apos;, propertySourceProperties = &apos;{}&apos;, contextLoader = &apos;org.springframework.test.context.support.DelegatingSmartContextLoader&apos;, parent = [null]].
2016-04-06 13:51:51,854 [DEBUG] o.s.t.c.s.AbstractGenericContextLoader [AbstractGenericContextLoader.java:107] Loading ApplicationContext for merged context configuration [[MergedContextConfiguration@22a668fd testClass = GomeConfigDaoTest, locations = &apos;{classpath:spring/mysql-dao-context-test.xml}&apos;, classes = &apos;{}&apos;, contextInitializerClasses = &apos;[]&apos;, activeProfiles = &apos;{}&apos;, propertySourceLocations = &apos;{}&apos;, propertySourceProperties = &apos;{}&apos;, contextLoader = &apos;org.springframework.test.context.support.DelegatingSmartContextLoader&apos;, parent = [null]]].
2016-04-06 13:51:52,018 [DEBUG] o.s.c.e.StandardEnvironment [MutablePropertySources.java:109] Adding [systemProperties] PropertySource with lowest search precedence
2016-04-06 13:51:52,026 [DEBUG] o.s.c.e.StandardEnvironment [MutablePropertySources.java:109] Adding [systemEnvironment] PropertySource with lowest search precedence
2016-04-06 13:51:52,027 [DEBUG] o.s.c.e.StandardEnvironment [AbstractEnvironment.java:126] Initialized StandardEnvironment with PropertySources [systemProperties,systemEnvironment]
2016-04-06 13:51:52,049 [INFO] o.s.b.f.x.XmlBeanDefinitionReader [XmlBeanDefinitionReader.java:317] Loading XML bean definitions from class path resource [spring/mysql-dao-context-test.xml]
2016-04-06 13:51:52,058 [DEBUG] o.s.b.f.x.DefaultDocumentLoader [DefaultDocumentLoader.java:73] Using JAXP provider [com.sun.org.apache.xerces.internal.jaxp.DocumentBuilderFactoryImpl]
2016-04-06 13:51:52,093 [DEBUG] o.s.b.f.x.PluggableSchemaResolver [PluggableSchemaResolver.java:141] Loading schema mappings from [META-INF/spring.schemas]
2016-04-06 13:51:52,097 [DEBUG] o.s.b.f.x.PluggableSchemaResolver [PluggableSchemaResolver.java:147] Loaded schema mappings: {http://www.springframework.org/schema/tx/spring-tx-2.5.xsd=org/springframework/transaction/config/spring-tx-2.5.xsd, http://www.springframework.org/schema/aop/spring-aop-4.1.xsd=org/springframework/aop/config/spring-aop-4.1.xsd, http://www.springframework.org/schema/context/spring-context-3.1.xsd=org/springframework/context/config/spring-context-3.1.xsd, http://www.springframework.org/schema/jdbc/spring-jdbc-4.1.xsd=org/springframework/jdbc/config/spring-jdbc-4.1.xsd, http://www.springframework.org/schema/util/spring-util-3.0.xsd=org/springframework/beans/factory/xml/spring-util-3.0.xsd, http://www.springframework.org/schema/aop/spring-aop-3.2.xsd=org/springframework/aop/config/spring-aop-3.2.xsd, http://www.springframework.org/schema/tool/spring-tool.xsd=org/springframework/beans/factory/xml/spring-tool-4.1.xsd, http://www.springframework.org/schema/lang/spring-lang-4.1.xsd=org/springframework/scripting/config/spring-lang-4.1.xsd, http://www.springframework.org/schema/context/spring-context-4.0.xsd=org/springframework/context/config/spring-context-4.0.xsd, http://www.springframework.org/schema/tool/spring-tool-4.1.xsd=org/springframework/beans/factory/xml/spring-tool-4.1.xsd, http://www.springframework.org/schema/lang/spring-lang-3.2.xsd=org/springframework/scripting/config/spring-lang-3.2.xsd, http://www.springframework.org/schema/cache/spring-cache-3.2.xsd=org/springframework/cache/config/spring-cache-3.2.xsd, http://www.springframework.org/schema/jee/spring-jee-4.1.xsd=org/springframework/ejb/config/spring-jee-4.1.xsd, http://www.springframework.org/schema/jdbc/spring-jdbc-3.1.xsd=org/springframework/jdbc/config/spring-jdbc-3.1.xsd, http://www.springframework.org/schema/util/spring-util-2.0.xsd=org/springframework/beans/factory/xml/spring-util-2.0.xsd, http://www.springframework.org/schema/tool/spring-tool-3.2.xsd=org/springframework/beans/factory/xml/spring-tool-3.2.xsd, http://www.springframework.org/schema/context/spring-context.xsd=org/springframework/context/config/spring-context-4.1.xsd, http://www.springframework.org/schema/cache/spring-cache-4.1.xsd=org/springframework/cache/config/spring-cache-4.1.xsd, http://www.springframework.org/schema/aop/spring-aop-4.0.xsd=org/springframework/aop/config/spring-aop-4.0.xsd, http://www.springframework.org/schema/jee/spring-jee-3.2.xsd=org/springframework/ejb/config/spring-jee-3.2.xsd, http://www.springframework.org/schema/context/spring-context-3.0.xsd=org/springframework/context/config/spring-context-3.0.xsd, http://www.springframework.org/schema/jdbc/spring-jdbc-4.0.xsd=org/springframework/jdbc/config/spring-jdbc-4.0.xsd, http://www.springframework.org/schema/util/spring-util-2.5.xsd=org/springframework/beans/factory/xml/spring-util-2.5.xsd, http://www.springframework.org/schema/beans/spring-beans-3.2.xsd=org/springframework/beans/factory/xml/spring-beans-3.2.xsd, http://www.springframework.org/schema/aop/spring-aop-3.1.xsd=org/springframework/aop/config/spring-aop-3.1.xsd, http://www.springframework.org/schema/lang/spring-lang-4.0.xsd=org/springframework/scripting/config/spring-lang-4.0.xsd, http://www.springframework.org/schema/beans/spring-beans-4.1.xsd=org/springframework/beans/factory/xml/spring-beans-4.1.xsd, http://www.springframework.org/schema/tool/spring-tool-4.0.xsd=org/springframework/beans/factory/xml/spring-tool-4.0.xsd, http://www.springframework.org/schema/lang/spring-lang-3.1.xsd=org/springframework/scripting/config/spring-lang-3.1.xsd, http://www.springframework.org/schema/tx/spring-tx-3.2.xsd=org/springframework/transaction/config/spring-tx-3.2.xsd, http://www.springframework.org/schema/cache/spring-cache-3.1.xsd=org/springframework/cache/config/spring-cache-3.1.xsd, http://www.springframework.org/schema/jee/spring-jee-4.0.xsd=org/springframework/ejb/config/spring-jee-4.0.xsd, http://www.springframework.org/schema/jdbc/spring-jdbc-3.0.xsd=org/springframework/jdbc/config/spring-jdbc-3.0.xsd, http://www.springframework.org/schema/task/spring-task-4.1.xsd=org/springframework/scheduling/config/spring-task-4.1.xsd, http://www.springframework.org/schema/jdbc/spring-jdbc.xsd=org/springframework/jdbc/config/spring-jdbc-4.1.xsd, http://www.springframework.org/schema/tool/spring-tool-3.1.xsd=org/springframework/beans/factory/xml/spring-tool-3.1.xsd, http://www.springframework.org/schema/tx/spring-tx-4.1.xsd=org/springframework/transaction/config/spring-tx-4.1.xsd, http://www.springframework.org/schema/cache/spring-cache-4.0.xsd=org/springframework/cache/config/spring-cache-4.0.xsd, http://code.alibabatech.com/schema/dubbo/dubbo.xsd=META-INF/dubbo.xsd, http://www.springframework.org/schema/jee/spring-jee-3.1.xsd=org/springframework/ejb/config/spring-jee-3.1.xsd, http://www.springframework.org/schema/task/spring-task-3.2.xsd=org/springframework/scheduling/config/spring-task-3.2.xsd, http://www.springframework.org/schema/beans/spring-beans-3.1.xsd=org/springframework/beans/factory/xml/spring-beans-3.1.xsd, http://www.springframework.org/schema/util/spring-util.xsd=org/springframework/beans/factory/xml/spring-util-4.1.xsd, http://www.springframework.org/schema/aop/spring-aop-3.0.xsd=org/springframework/aop/config/spring-aop-3.0.xsd, http://www.springframework.org/schema/beans/spring-beans-4.0.xsd=org/springframework/beans/factory/xml/spring-beans-4.0.xsd, http://www.springframework.org/schema/beans/spring-beans.xsd=org/springframework/beans/factory/xml/spring-beans-4.1.xsd, http://www.springframework.org/schema/lang/spring-lang-3.0.xsd=org/springframework/scripting/config/spring-lang-3.0.xsd, http://www.springframework.org/schema/tx/spring-tx-3.1.xsd=org/springframework/transaction/config/spring-tx-3.1.xsd, http://www.springframework.org/schema/context/spring-context-2.5.xsd=org/springframework/context/config/spring-context-2.5.xsd, http://www.springframework.org/schema/task/spring-task-4.0.xsd=org/springframework/scheduling/config/spring-task-4.0.xsd, http://www.springframework.org/schema/tool/spring-tool-3.0.xsd=org/springframework/beans/factory/xml/spring-tool-3.0.xsd, http://www.springframework.org/schema/tx/spring-tx-4.0.xsd=org/springframework/transaction/config/spring-tx-4.0.xsd, http://www.springframework.org/schema/aop/spring-aop-2.0.xsd=org/springframework/aop/config/spring-aop-2.0.xsd, http://www.springframework.org/schema/jee/spring-jee-3.0.xsd=org/springframework/ejb/config/spring-jee-3.0.xsd, http://www.springframework.org/schema/util/spring-util-4.1.xsd=org/springframework/beans/factory/xml/spring-util-4.1.xsd, http://www.springframework.org/schema/task/spring-task-3.1.xsd=org/springframework/scheduling/config/spring-task-3.1.xsd, http://www.springframework.org/schema/beans/spring-beans-3.0.xsd=org/springframework/beans/factory/xml/spring-beans-3.0.xsd, http://www.springframework.org/schema/jee/spring-jee.xsd=org/springframework/ejb/config/spring-jee-4.1.xsd, http://www.springframework.org/schema/aop/spring-aop-2.5.xsd=org/springframework/aop/config/spring-aop-2.5.xsd, http://www.springframework.org/schema/lang/spring-lang-2.0.xsd=org/springframework/scripting/config/spring-lang-2.0.xsd, http://www.springframework.org/schema/util/spring-util-3.2.xsd=org/springframework/beans/factory/xml/spring-util-3.2.xsd, http://www.springframework.org/schema/task/spring-task.xsd=org/springframework/scheduling/config/spring-task-4.1.xsd, http://www.springframework.org/schema/tool/spring-tool-2.0.xsd=org/springframework/beans/factory/xml/spring-tool-2.0.xsd, http://www.springframework.org/schema/tx/spring-tx-3.0.xsd=org/springframework/transaction/config/spring-tx-3.0.xsd, http://www.springframework.org/schema/lang/spring-lang-2.5.xsd=org/springframework/scripting/config/spring-lang-2.5.xsd, http://www.springframework.org/schema/jee/spring-jee-2.0.xsd=org/springframework/ejb/config/spring-jee-2.0.xsd, http://www.springframework.org/schema/tool/spring-tool-2.5.xsd=org/springframework/beans/factory/xml/spring-tool-2.5.xsd, http://www.springframework.org/schema/jee/spring-jee-2.5.xsd=org/springframework/ejb/config/spring-jee-2.5.xsd, http://www.springframework.org/schema/util/spring-util-4.0.xsd=org/springframework/beans/factory/xml/spring-util-4.0.xsd, http://www.springframework.org/schema/task/spring-task-3.0.xsd=org/springframework/scheduling/config/spring-task-3.0.xsd, http://www.springframework.org/schema/lang/spring-lang.xsd=org/springframework/scripting/config/spring-lang-4.1.xsd, http://www.springframework.org/schema/context/spring-context-3.2.xsd=org/springframework/context/config/spring-context-3.2.xsd, http://www.springframework.org/schema/util/spring-util-3.1.xsd=org/springframework/beans/factory/xml/spring-util-3.1.xsd, http://www.springframework.org/schema/beans/spring-beans-2.0.xsd=org/springframework/beans/factory/xml/spring-beans-2.0.xsd, http://www.springframework.org/schema/cache/spring-cache.xsd=org/springframework/cache/config/spring-cache-4.1.xsd, http://www.springframework.org/schema/tx/spring-tx.xsd=org/springframework/transaction/config/spring-tx-4.1.xsd, http://www.springframework.org/schema/context/spring-context-4.1.xsd=org/springframework/context/config/spring-context-4.1.xsd, http://www.springframework.org/schema/beans/spring-beans-2.5.xsd=org/springframework/beans/factory/xml/spring-beans-2.5.xsd, http://www.springframework.org/schema/tx/spring-tx-2.0.xsd=org/springframework/transaction/config/spring-tx-2.0.xsd, http://www.springframework.org/schema/jdbc/spring-jdbc-3.2.xsd=org/springframework/jdbc/config/spring-jdbc-3.2.xsd, http://www.springframework.org/schema/aop/spring-aop.xsd=org/springframework/aop/config/spring-aop-4.1.xsd}
2016-04-06 13:51:52,101 [DEBUG] o.s.b.f.x.PluggableSchemaResolver [PluggableSchemaResolver.java:119] Found XML schema [http://www.springframework.org/schema/beans/spring-beans.xsd] in classpath: org/springframework/beans/factory/xml/spring-beans-4.1.xsd
2016-04-06 13:51:52,176 [DEBUG] o.s.b.f.x.PluggableSchemaResolver [PluggableSchemaResolver.java:119] Found XML schema [http://www.springframework.org/schema/context/spring-context.xsd] in classpath: org/springframework/context/config/spring-context-4.1.xsd
2016-04-06 13:51:52,194 [DEBUG] o.s.b.f.x.PluggableSchemaResolver [PluggableSchemaResolver.java:119] Found XML schema [http://www.springframework.org/schema/tool/spring-tool-4.1.xsd] in classpath: org/springframework/beans/factory/xml/spring-tool-4.1.xsd
2016-04-06 13:51:52,206 [DEBUG] o.s.b.f.x.PluggableSchemaResolver [PluggableSchemaResolver.java:119] Found XML schema [http://www.springframework.org/schema/tx/spring-tx.xsd] in classpath: org/springframework/transaction/config/spring-tx-4.1.xsd
2016-04-06 13:51:52,216 [DEBUG] o.s.b.f.x.PluggableSchemaResolver [PluggableSchemaResolver.java:119] Found XML schema [http://www.springframework.org/schema/jdbc/spring-jdbc.xsd] in classpath: org/springframework/jdbc/config/spring-jdbc-4.1.xsd
2016-04-06 13:51:52,224 [DEBUG] o.s.b.f.x.PluggableSchemaResolver [PluggableSchemaResolver.java:119] Found XML schema [http://www.springframework.org/schema/util/spring-util.xsd] in classpath: org/springframework/beans/factory/xml/spring-util-4.1.xsd
2016-04-06 13:51:52,238 [DEBUG] o.s.b.f.x.DefaultBeanDefinitionDocumentReader [DefaultBeanDefinitionDocumentReader.java:98] Loading bean definitions
2016-04-06 13:51:52,254 [DEBUG] o.s.b.f.x.DefaultNamespaceHandlerResolver [DefaultNamespaceHandlerResolver.java:157] Loaded NamespaceHandler mappings: {http://www.springframework.org/schema/p=org.springframework.beans.factory.xml.SimplePropertyNamespaceHandler, http://www.springframework.org/schema/util=org.springframework.beans.factory.xml.UtilNamespaceHandler, http://code.alibabatech.com/schema/dubbo=com.alibaba.dubbo.config.spring.schema.DubboNamespaceHandler, http://www.springframework.org/schema/jee=org.springframework.ejb.config.JeeNamespaceHandler, http://www.springframework.org/schema/aop=org.springframework.aop.config.AopNamespaceHandler, http://www.springframework.org/schema/jdbc=org.springframework.jdbc.config.JdbcNamespaceHandler, http://www.springframework.org/schema/cache=org.springframework.cache.config.CacheNamespaceHandler, http://www.springframework.org/schema/c=org.springframework.beans.factory.xml.SimpleConstructorNamespaceHandler, http://www.springframework.org/schema/tx=org.springframework.transaction.config.TxNamespaceHandler, http://www.springframework.org/schema/task=org.springframework.scheduling.config.TaskNamespaceHandler, http://www.springframework.org/schema/lang=org.springframework.scripting.config.LangNamespaceHandler, http://www.springframework.org/schema/context=org.springframework.context.config.ContextNamespaceHandler}
2016-04-06 13:51:52,279 [DEBUG] o.s.c.i.s.PathMatchingResourcePatternResolver [PathMatchingResourcePatternResolver.java:622] Looking for matching resources in directory tree [D:\gomeo2o_workspace1\gomeo2o_pro\venus-configuration\trunk\target\test-classes\cn\com\gome\configuration\dao]
2016-04-06 13:51:52,279 [DEBUG] o.s.c.i.s.PathMatchingResourcePatternResolver [PathMatchingResourcePatternResolver.java:684] Searching directory [D:\gomeo2o_workspace1\gomeo2o_pro\venus-configuration\trunk\target\test-classes\cn\com\gome\configuration\dao] for files matching pattern [D:/gomeo2o_workspace1/gomeo2o_pro/venus-configuration/trunk/target/test-classes/cn/com/gome/configuration/dao/**/*.class]
2016-04-06 13:51:52,282 [DEBUG] o.s.c.i.s.PathMatchingResourcePatternResolver [PathMatchingResourcePatternResolver.java:622] Looking for matching resources in directory tree [D:\gomeo2o_workspace1\gomeo2o_pro\venus-configuration\trunk\target\classes\cn\com\gome\configuration\dao]
2016-04-06 13:51:52,283 [DEBUG] o.s.c.i.s.PathMatchingResourcePatternResolver [PathMatchingResourcePatternResolver.java:684] Searching directory [D:\gomeo2o_workspace1\gomeo2o_pro\venus-configuration\trunk\target\classes\cn\com\gome\configuration\dao] for files matching pattern [D:/gomeo2o_workspace1/gomeo2o_pro/venus-configuration/trunk/target/classes/cn/com/gome/configuration/dao/**/*.class]
2016-04-06 13:51:52,284 [DEBUG] o.s.c.i.s.PathMatchingResourcePatternResolver [PathMatchingResourcePatternResolver.java:423] Resolved location pattern [classpath*:cn/com/gome/configuration/dao/**/*.class] to resources [file [D:\gomeo2o_workspace1\gomeo2o_pro\venus-configuration\trunk\target\test-classes\cn\com\gome\configuration\dao\GomeConfigDaoTest.class], file [D:\gomeo2o_workspace1\gomeo2o_pro\venus-configuration\trunk\target\classes\cn\com\gome\configuration\dao\GomeConfigDao.class], file [D:\gomeo2o_workspace1\gomeo2o_pro\venus-configuration\trunk\target\classes\cn\com\gome\configuration\dao\GomeConfigDaoImpl.class]]
2016-04-06 13:51:52,312 [DEBUG] o.s.c.a.ClassPathBeanDefinitionScanner [ClassPathScanningCandidateComponentProvider.java:286] Identified candidate component class: file [D:\gomeo2o_workspace1\gomeo2o_pro\venus-configuration\trunk\target\classes\cn\com\gome\configuration\dao\GomeConfigDaoImpl.class]
2016-04-06 13:51:52,361 [DEBUG] o.s.b.f.x.XmlBeanDefinitionReader [AbstractBeanDefinitionReader.java:224] Loaded 13 bean definitions from location pattern [classpath:spring/mysql-dao-context-test.xml]
2016-04-06 13:51:52,364 [INFO] o.s.c.s.GenericApplicationContext [AbstractApplicationContext.java:510] Refreshing org.springframework.context.support.GenericApplicationContext@9896c52: startup date [Wed Apr 06 13:51:52 CST 2016]; root of context hierarchy
2016-04-06 13:51:52,365 [DEBUG] o.s.c.s.GenericApplicationContext [AbstractApplicationContext.java:540] Bean factory for org.springframework.context.support.GenericApplicationContext@9896c52: org.springframework.beans.factory.support.DefaultListableBeanFactory@9ab9261: defining beans [gomeConfigDaoImpl,org.springframework.context.annotation.internalConfigurationAnnotationProcessor,org.springframework.context.annotation.internalAutowiredAnnotationProcessor,org.springframework.context.annotation.internalRequiredAnnotationProcessor,org.springframework.context.annotation.internalCommonAnnotationProcessor,sqlSessionFactory,transactionManager,org.springframework.aop.config.internalAutoProxyCreator,org.springframework.transaction.annotation.AnnotationTransactionAttributeSource#0,org.springframework.transaction.interceptor.TransactionInterceptor#0,org.springframework.transaction.config.internalTransactionAdvisor,dataSource,app]; root of factory hierarchy
2016-04-06 13:51:52,383 [DEBUG] o.s.b.f.s.DefaultListableBeanFactory [DefaultSingletonBeanRegistry.java:221] Creating shared instance of singleton bean &apos;org.springframework.context.annotation.internalConfigurationAnnotationProcessor&apos;
2016-04-06 13:51:52,383 [DEBUG] o.s.b.f.s.DefaultListableBeanFactory [AbstractAutowireCapableBeanFactory.java:450] Creating instance of bean &apos;org.springframework.context.annotation.internalConfigurationAnnotationProcessor&apos;
2016-04-06 13:51:52,402 [DEBUG] o.s.b.f.s.DefaultListableBeanFactory [AbstractAutowireCapableBeanFactory.java:523] Eagerly caching bean &apos;org.springframework.context.annotation.internalConfigurationAnnotationProcessor&apos; to allow for resolving potential circular references
2016-04-06 13:51:52,404 [DEBUG] o.s.b.f.s.DefaultListableBeanFactory [AbstractAutowireCapableBeanFactory.java:478] Finished creating instance of bean &apos;org.springframework.context.annotation.internalConfigurationAnnotationProcessor&apos;
2016-04-06 13:51:52,458 [DEBUG] o.s.b.f.s.DefaultListableBeanFactory [DefaultSingletonBeanRegistry.java:221] Creating shared instance of singleton bean &apos;org.springframework.context.annotation.internalAutowiredAnnotationProcessor&apos;
2016-04-06 13:51:52,458 [DEBUG] o.s.b.f.s.DefaultListableBeanFactory [AbstractAutowireCapableBeanFactory.java:450] Creating instance of bean &apos;org.springframework.context.annotation.internalAutowiredAnnotationProcessor&apos;
2016-04-06 13:51:52,459 [DEBUG] o.s.b.f.s.DefaultListableBeanFactory [AbstractAutowireCapableBeanFactory.java:523] Eagerly caching bean &apos;org.springframework.context.annotation.internalAutowiredAnnotationProcessor&apos; to allow for resolving potential circular references
2016-04-06 13:51:52,459 [DEBUG] o.s.b.f.s.DefaultListableBeanFactory [AbstractAutowireCapableBeanFactory.java:478] Finished creating instance of bean &apos;org.springframework.context.annotation.internalAutowiredAnnotationProcessor&apos;
2016-04-06 13:51:52,459 [DEBUG] o.s.b.f.s.DefaultListableBeanFactory [DefaultSingletonBeanRegistry.java:221] Creating shared instance of singleton bean &apos;org.springframework.context.annotation.internalRequiredAnnotationProcessor&apos;
2016-04-06 13:51:52,460 [DEBUG] o.s.b.f.s.DefaultListableBeanFactory [AbstractAutowireCapableBeanFactory.java:450] Creating instance of bean &apos;org.springframework.context.annotation.internalRequiredAnnotationProcessor&apos;
2016-04-06 13:51:52,461 [DEBUG] o.s.b.f.s.DefaultListableBeanFactory [AbstractAutowireCapableBeanFactory.java:523] Eagerly caching bean &apos;org.springframework.context.annotation.internalRequiredAnnotationProcessor&apos; to allow for resolving potential circular references
2016-04-06 13:51:52,461 [DEBUG] o.s.b.f.s.DefaultListableBeanFactory [AbstractAutowireCapableBeanFactory.java:478] Finished creating instance of bean &apos;org.springframework.context.annotation.internalRequiredAnnotationProcessor&apos;
2016-04-06 13:51:52,461 [DEBUG] o.s.b.f.s.DefaultListableBeanFactory [DefaultSingletonBeanRegistry.java:221] Creating shared instance of singleton bean &apos;org.springframework.context.annotation.internalCommonAnnotationProcessor&apos;
2016-04-06 13:51:52,461 [DEBUG] o.s.b.f.s.DefaultListableBeanFactory [AbstractAutowireCapableBeanFactory.java:450] Creating instance of bean &apos;org.springframework.context.annotation.internalCommonAnnotationProcessor&apos;
2016-04-06 13:51:52,465 [DEBUG] o.s.b.f.s.DefaultListableBeanFactory [AbstractAutowireCapableBeanFactory.java:523] Eagerly caching bean &apos;org.springframework.context.annotation.internalCommonAnnotationProcessor&apos; to allow for resolving potential circular references
2016-04-06 13:51:52,466 [DEBUG] o.s.b.f.s.DefaultListableBeanFactory [AbstractAutowireCapableBeanFactory.java:478] Finished creating instance of bean &apos;org.springframework.context.annotation.internalCommonAnnotationProcessor&apos;
2016-04-06 13:51:52,466 [DEBUG] o.s.b.f.s.DefaultListableBeanFactory [DefaultSingletonBeanRegistry.java:221] Creating shared instance of singleton bean &apos;org.springframework.context.annotation.ConfigurationClassPostProcessor.importAwareProcessor&apos;
2016-04-06 13:51:52,467 [DEBUG] o.s.b.f.s.DefaultListableBeanFactory [AbstractAutowireCapableBeanFactory.java:450] Creating instance of bean &apos;org.springframework.context.annotation.ConfigurationClassPostProcessor.importAwareProcessor&apos;
2016-04-06 13:51:52,467 [DEBUG] o.s.b.f.s.DefaultListableBeanFactory [AbstractAutowireCapableBeanFactory.java:523] Eagerly caching bean &apos;org.springframework.context.annotation.ConfigurationClassPostProcessor.importAwareProcessor&apos; to allow for resolving potential circular references
2016-04-06 13:51:52,467 [DEBUG] o.s.b.f.s.DefaultListableBeanFactory [AbstractAutowireCapableBeanFactory.java:478] Finished creating instance of bean &apos;org.springframework.context.annotation.ConfigurationClassPostProcessor.importAwareProcessor&apos;
2016-04-06 13:51:52,468 [DEBUG] o.s.b.f.s.DefaultListableBeanFactory [DefaultSingletonBeanRegistry.java:221] Creating shared instance of singleton bean &apos;org.springframework.context.annotation.ConfigurationClassPostProcessor.enhancedConfigurationProcessor&apos;
2016-04-06 13:51:52,468 [DEBUG] o.s.b.f.s.DefaultListableBeanFactory [AbstractAutowireCapableBeanFactory.java:450] Creating instance of bean &apos;org.springframework.context.annotation.ConfigurationClassPostProcessor.enhancedConfigurationProcessor&apos;
2016-04-06 13:51:52,468 [DEBUG] o.s.b.f.s.DefaultListableBeanFactory [AbstractAutowireCapableBeanFactory.java:523] Eagerly caching bean &apos;org.springframework.context.annotation.ConfigurationClassPostProcessor.enhancedConfigurationProcessor&apos; to allow for resolving potential circular references
2016-04-06 13:51:52,468 [DEBUG] o.s.b.f.s.DefaultListableBeanFactory [AbstractAutowireCapableBeanFactory.java:478] Finished creating instance of bean &apos;org.springframework.context.annotation.ConfigurationClassPostProcessor.enhancedConfigurationProcessor&apos;
2016-04-06 13:51:52,469 [DEBUG] o.s.b.f.s.DefaultListableBeanFactory [DefaultSingletonBeanRegistry.java:221] Creating shared instance of singleton bean &apos;org.springframework.aop.config.internalAutoProxyCreator&apos;
2016-04-06 13:51:52,469 [DEBUG] o.s.b.f.s.DefaultListableBeanFactory [AbstractAutowireCapableBeanFactory.java:450] Creating instance of bean &apos;org.springframework.aop.config.internalAutoProxyCreator&apos;
2016-04-06 13:51:52,480 [DEBUG] o.s.b.f.s.DefaultListableBeanFactory [AbstractAutowireCapableBeanFactory.java:523] Eagerly caching bean &apos;org.springframework.aop.config.internalAutoProxyCreator&apos; to allow for resolving potential circular references
2016-04-06 13:51:52,508 [DEBUG] o.s.b.f.s.DefaultListableBeanFactory [AbstractAutowireCapableBeanFactory.java:478] Finished creating instance of bean &apos;org.springframework.aop.config.internalAutoProxyCreator&apos;
2016-04-06 13:51:52,511 [DEBUG] o.s.c.s.GenericApplicationContext [AbstractApplicationContext.java:646] Unable to locate MessageSource with name &apos;messageSource&apos;: using default [org.springframework.context.support.DelegatingMessageSource@91b9220]
2016-04-06 13:51:52,513 [DEBUG] o.s.c.s.GenericApplicationContext [AbstractApplicationContext.java:670] Unable to locate ApplicationEventMulticaster with name &apos;applicationEventMulticaster&apos;: using default [org.springframework.context.event.SimpleApplicationEventMulticaster@3d98c28c]
2016-04-06 13:51:52,516 [DEBUG] o.s.b.f.s.DefaultListableBeanFactory [DefaultListableBeanFactory.java:724] Pre-instantiating singletons in org.springframework.beans.factory.support.DefaultListableBeanFactory@9ab9261: defining beans [gomeConfigDaoImpl,org.springframework.context.annotation.internalConfigurationAnnotationProcessor,org.springframework.context.annotation.internalAutowiredAnnotationProcessor,org.springframework.context.annotation.internalRequiredAnnotationProcessor,org.springframework.context.annotation.internalCommonAnnotationProcessor,sqlSessionFactory,transactionManager,org.springframework.aop.config.internalAutoProxyCreator,org.springframework.transaction.annotation.AnnotationTransactionAttributeSource#0,org.springframework.transaction.interceptor.TransactionInterceptor#0,org.springframework.transaction.config.internalTransactionAdvisor,dataSource,app,org.springframework.context.annotation.ConfigurationClassPostProcessor.importAwareProcessor,org.springframework.context.annotation.ConfigurationClassPostProcessor.enhancedConfigurationProcessor]; root of factory hierarchy
2016-04-06 13:51:52,517 [DEBUG] o.s.b.f.s.DefaultListableBeanFactory [DefaultSingletonBeanRegistry.java:221] Creating shared instance of singleton bean &apos;gomeConfigDaoImpl&apos;
2016-04-06 13:51:52,517 [DEBUG] o.s.b.f.s.DefaultListableBeanFactory [AbstractAutowireCapableBeanFactory.java:450] Creating instance of bean &apos;gomeConfigDaoImpl&apos;
2016-04-06 13:51:52,533 [DEBUG] o.s.b.f.a.InjectionMetadata [InjectionMetadata.java:72] Registered injected element on class [cn.com.gome.configuration.dao.GomeConfigDaoImpl]: AutowiredMethodElement for public final void org.mybatis.spring.support.SqlSessionDaoSupport.setSqlSessionFactory(org.apache.ibatis.session.SqlSessionFactory)
2016-04-06 13:51:52,533 [DEBUG] o.s.b.f.a.InjectionMetadata [InjectionMetadata.java:72] Registered injected element on class [cn.com.gome.configuration.dao.GomeConfigDaoImpl]: AutowiredMethodElement for public final void org.mybatis.spring.support.SqlSessionDaoSupport.setSqlSessionTemplate(org.mybatis.spring.SqlSessionTemplate)
2016-04-06 13:51:52,534 [DEBUG] o.s.b.f.s.DefaultListableBeanFactory [AbstractAutowireCapableBeanFactory.java:523] Eagerly caching bean &apos;gomeConfigDaoImpl&apos; to allow for resolving potential circular references
2016-04-06 13:51:52,534 [DEBUG] o.s.b.f.a.InjectionMetadata [InjectionMetadata.java:86] Processing injected element of bean &apos;gomeConfigDaoImpl&apos;: AutowiredMethodElement for public final void org.mybatis.spring.support.SqlSessionDaoSupport.setSqlSessionFactory(org.apache.ibatis.session.SqlSessionFactory)
2016-04-06 13:51:52,544 [DEBUG] o.a.i.l.LogFactory [LogFactory.java:124] Logging initialized using &apos;class org.apache.ibatis.logging.slf4j.Slf4jImpl&apos; adapter.
2016-04-06 13:51:52,553 [DEBUG] o.s.b.f.s.DefaultListableBeanFactory [DefaultSingletonBeanRegistry.java:221] Creating shared instance of singleton bean &apos;sqlSessionFactory&apos;
2016-04-06 13:51:52,553 [DEBUG] o.s.b.f.s.DefaultListableBeanFactory [AbstractAutowireCapableBeanFactory.java:450] Creating instance of bean &apos;sqlSessionFactory&apos;
2016-04-06 13:51:52,554 [DEBUG] o.s.b.f.s.DefaultListableBeanFactory [AbstractAutowireCapableBeanFactory.java:523] Eagerly caching bean &apos;sqlSessionFactory&apos; to allow for resolving potential circular references
2016-04-06 13:51:52,573 [DEBUG] o.s.b.f.s.DefaultListableBeanFactory [DefaultSingletonBeanRegistry.java:221] Creating shared instance of singleton bean &apos;dataSource&apos;
2016-04-06 13:51:52,573 [DEBUG] o.s.b.f.s.DefaultListableBeanFactory [AbstractAutowireCapableBeanFactory.java:450] Creating instance of bean &apos;dataSource&apos;
2016-04-06 13:51:52,574 [DEBUG] o.s.b.f.s.DefaultListableBeanFactory [AbstractAutowireCapableBeanFactory.java:523] Eagerly caching bean &apos;dataSource&apos; to allow for resolving potential circular references
2016-04-06 13:51:52,587 [DEBUG] o.s.b.BeanUtils [BeanUtils.java:455] No property editor [org.springframework.jdbc.datasource.embedded.EmbeddedDatabaseTypeEditor] found for type org.springframework.jdbc.datasource.embedded.EmbeddedDatabaseType according to &apos;Editor&apos; suffix convention
2016-04-06 13:51:52,588 [DEBUG] o.s.b.f.s.DefaultListableBeanFactory [AbstractAutowireCapableBeanFactory.java:450] Creating instance of bean &apos;(inner bean)#4227f277&apos;
2016-04-06 13:51:52,593 [DEBUG] o.s.b.f.s.DefaultListableBeanFactory [AbstractAutowireCapableBeanFactory.java:450] Creating instance of bean &apos;(inner bean)#c63679a&apos;
2016-04-06 13:51:52,598 [DEBUG] o.s.b.f.s.DefaultListableBeanFactory [AbstractAutowireCapableBeanFactory.java:450] Creating instance of bean &apos;(inner bean)#5abac7f3&apos;
2016-04-06 13:51:52,605 [DEBUG] o.s.b.BeanUtils [BeanUtils.java:455] No property editor [org.springframework.core.io.ResourceLoaderEditor] found for type org.springframework.core.io.ResourceLoader according to &apos;Editor&apos; suffix convention
2016-04-06 13:51:52,618 [DEBUG] o.s.b.f.s.DefaultListableBeanFactory [AbstractAutowireCapableBeanFactory.java:1616] Invoking afterPropertiesSet() on bean with name &apos;(inner bean)#5abac7f3&apos;
2016-04-06 13:51:52,619 [DEBUG] o.s.c.i.s.PathMatchingResourcePatternResolver [PathMatchingResourcePatternResolver.java:622] Looking for matching resources in directory tree [D:\gomeo2o_workspace1\gomeo2o_pro\venus-configuration\trunk\target\test-classes\sql\h2]
2016-04-06 13:51:52,620 [DEBUG] o.s.c.i.s.PathMatchingResourcePatternResolver [PathMatchingResourcePatternResolver.java:684] Searching directory [D:\gomeo2o_workspace1\gomeo2o_pro\venus-configuration\trunk\target\test-classes\sql\h2] for files matching pattern [D:/gomeo2o_workspace1/gomeo2o_pro/venus-configuration/trunk/target/test-classes/sql/h2/*.sql]
2016-04-06 13:51:52,621 [DEBUG] o.s.c.i.s.PathMatchingResourcePatternResolver [PathMatchingResourcePatternResolver.java:423] Resolved location pattern [classpath:sql/h2/*.sql] to resources [file [D:\gomeo2o_workspace1\gomeo2o_pro\venus-configuration\trunk\target\test-classes\sql\h2\config.sql], file [D:\gomeo2o_workspace1\gomeo2o_pro\venus-configuration\trunk\target\test-classes\sql\h2\config_init.sql]]
2016-04-06 13:51:52,623 [DEBUG] o.s.b.f.s.DefaultListableBeanFactory [DefaultSingletonBeanRegistry.java:221] Creating shared instance of singleton bean &apos;org.springframework.transaction.config.internalTransactionAdvisor&apos;
2016-04-06 13:51:52,624 [DEBUG] o.s.b.f.s.DefaultListableBeanFactory [AbstractAutowireCapableBeanFactory.java:450] Creating instance of bean &apos;org.springframework.transaction.config.internalTransactionAdvisor&apos;
2016-04-06 13:51:52,626 [DEBUG] o.s.b.f.s.DefaultListableBeanFactory [AbstractAutowireCapableBeanFactory.java:523] Eagerly caching bean &apos;org.springframework.transaction.config.internalTransactionAdvisor&apos; to allow for resolving potential circular references
2016-04-06 13:51:52,633 [DEBUG] o.s.b.f.s.DefaultListableBeanFactory [DefaultSingletonBeanRegistry.java:221] Creating shared instance of singleton bean &apos;org.springframework.transaction.annotation.AnnotationTransactionAttributeSource#0&apos;
2016-04-06 13:51:52,633 [DEBUG] o.s.b.f.s.DefaultListableBeanFactory [AbstractAutowireCapableBeanFactory.java:450] Creating instance of bean &apos;org.springframework.transaction.annotation.AnnotationTransactionAttributeSource#0&apos;
2016-04-06 13:51:52,634 [DEBUG] o.s.b.f.s.DefaultListableBeanFactory [AbstractAutowireCapableBeanFactory.java:523] Eagerly caching bean &apos;org.springframework.transaction.annotation.AnnotationTransactionAttributeSource#0&apos; to allow for resolving potential circular references
2016-04-06 13:51:52,636 [DEBUG] o.s.a.f.a.BeanFactoryAdvisorRetrievalHelper [BeanFactoryAdvisorRetrievalHelper.java:87] Skipping currently created advisor &apos;org.springframework.transaction.config.internalTransactionAdvisor&apos;
2016-04-06 13:51:52,639 [DEBUG] o.s.b.f.s.DefaultListableBeanFactory [AbstractAutowireCapableBeanFactory.java:478] Finished creating instance of bean &apos;org.springframework.transaction.annotation.AnnotationTransactionAttributeSource#0&apos;
2016-04-06 13:51:52,640 [DEBUG] o.s.b.f.s.DefaultListableBeanFactory [AbstractAutowireCapableBeanFactory.java:478] Finished creating instance of bean &apos;org.springframework.transaction.config.internalTransactionAdvisor&apos;
2016-04-06 13:51:52,643 [DEBUG] o.s.b.f.s.DefaultListableBeanFactory [AbstractAutowireCapableBeanFactory.java:478] Finished creating instance of bean &apos;(inner bean)#5abac7f3&apos;
2016-04-06 13:51:52,643 [DEBUG] o.s.b.f.s.DefaultListableBeanFactory [AbstractBeanFactory.java:248] Returning cached instance of singleton bean &apos;org.springframework.transaction.config.internalTransactionAdvisor&apos;
2016-04-06 13:51:52,644 [DEBUG] o.s.b.f.s.DefaultListableBeanFactory [AbstractBeanFactory.java:248] Returning cached instance of singleton bean &apos;org.springframework.transaction.config.internalTransactionAdvisor&apos;
2016-04-06 13:51:52,645 [DEBUG] o.s.b.f.s.DefaultListableBeanFactory [AbstractAutowireCapableBeanFactory.java:478] Finished creating instance of bean &apos;(inner bean)#c63679a&apos;
2016-04-06 13:51:52,646 [DEBUG] o.s.b.f.s.DefaultListableBeanFactory [AbstractBeanFactory.java:248] Returning cached instance of singleton bean &apos;org.springframework.transaction.config.internalTransactionAdvisor&apos;
2016-04-06 13:51:52,647 [DEBUG] o.s.b.f.s.DefaultListableBeanFactory [AbstractAutowireCapableBeanFactory.java:478] Finished creating instance of bean &apos;(inner bean)#4227f277&apos;
2016-04-06 13:51:52,647 [DEBUG] o.s.b.f.s.DefaultListableBeanFactory [AbstractAutowireCapableBeanFactory.java:450] Creating instance of bean &apos;(inner bean)#4cb8a2a9&apos;
2016-04-06 13:51:52,648 [DEBUG] o.s.b.f.s.DefaultListableBeanFactory [AbstractBeanFactory.java:248] Returning cached instance of singleton bean &apos;org.springframework.transaction.config.internalTransactionAdvisor&apos;
2016-04-06 13:51:52,649 [DEBUG] o.s.b.f.s.DefaultListableBeanFactory [AbstractAutowireCapableBeanFactory.java:478] Finished creating instance of bean &apos;(inner bean)#4cb8a2a9&apos;
2016-04-06 13:51:52,666 [DEBUG] o.s.b.f.s.DefaultListableBeanFactory [AbstractAutowireCapableBeanFactory.java:1616] Invoking afterPropertiesSet() on bean with name &apos;dataSource&apos;
2016-04-06 13:51:52,666 [INFO] o.s.j.d.e.EmbeddedDatabaseFactory [EmbeddedDatabaseFactory.java:147] Creating embedded database &apos;dataSource&apos;
2016-04-06 13:51:52,680 [DEBUG] o.s.j.d.DataSourceUtils [DataSourceUtils.java:110] Fetching JDBC Connection from DataSource
2016-04-06 13:51:52,680 [DEBUG] o.s.j.d.SimpleDriverDataSource [SimpleDriverDataSource.java:138] Creating new JDBC Driver Connection to [jdbc:h2:mem:dataSource;DB_CLOSE_DELAY=-1;DB_CLOSE_ON_EXIT=false]
2016-04-06 13:51:52,951 [INFO] o.s.j.d.i.ScriptUtils [ScriptUtils.java:428] Executing SQL script from file [D:\gomeo2o_workspace1\gomeo2o_pro\venus-configuration\trunk\target\test-classes\sql\h2\config.sql]
2016-04-06 13:51:52,952 [DEBUG] o.s.j.d.i.ScriptUtils [ScriptUtils.java:460] 0 returned as updateCount for SQL: DROP TABLE IF EXISTS `ecp_configs`
2016-04-06 13:51:52,954 [DEBUG] o.s.j.d.DataSourceUtils [DataSourceUtils.java:327] Returning JDBC Connection to DataSource
2016-04-06 13:51:52,955 [DEBUG] o.s.j.d.SimpleDriverDataSource [SimpleDriverDataSource.java:138] Creating new JDBC Driver Connection to [jdbc:h2:mem:dataSource;DB_CLOSE_DELAY=-1;DB_CLOSE_ON_EXIT=false]
2016-04-06 13:51:52,956 [DEBUG] o.s.b.f.s.DefaultListableBeanFactory [DefaultSingletonBeanRegistry.java:568] Retrieved dependent beans for bean &apos;(inner bean)#4227f277&apos;: [dataSource]
2016-04-06 13:51:52,957 [DEBUG] o.s.b.f.s.DefaultListableBeanFactory [DefaultSingletonBeanRegistry.java:568] Retrieved dependent beans for bean &apos;(inner bean)#c63679a&apos;: [(inner bean)#4227f277]
2016-04-06 13:51:52,957 [DEBUG] o.s.b.f.s.DefaultListableBeanFactory [DefaultSingletonBeanRegistry.java:568] Retrieved dependent beans for bean &apos;(inner bean)#5abac7f3&apos;: [(inner bean)#c63679a]
2016-04-06 13:51:52,958 [DEBUG] o.s.b.f.s.DisposableBeanAdapter [DisposableBeanAdapter.java:245] Invoking destroy() on bean with name &apos;(inner bean)#5abac7f3&apos;
2016-04-06 13:51:52,965 [WARN] o.s.c.s.GenericApplicationContext [AbstractApplicationContext.java:487] Exception encountered during context initialization - cancelling refresh attempt
org.springframework.beans.factory.BeanCreationException: Error creating bean with name &apos;gomeConfigDaoImpl&apos;: Injection of autowired dependencies failed; nested exception is org.springframework.beans.factory.BeanCreationException: Could not autowire method: public final void org.mybatis.spring.support.SqlSessionDaoSupport.setSqlSessionFactory(org.apache.ibatis.session.SqlSessionFactory); nested exception is org.springframework.beans.factory.BeanCreationException: Error creating bean with name &apos;sqlSessionFactory&apos; defined in class path resource [spring/mysql-dao-context-test.xml]: Cannot resolve reference to bean &apos;dataSource&apos; while setting bean property &apos;dataSource&apos;; nested exception is org.springframework.beans.factory.BeanCreationException: Error creating bean with name &apos;dataSource&apos;: Invocation of init method failed; nested exception is org.springframework.jdbc.datasource.init.ScriptStatementFailedException: Failed to execute SQL script statement #2 of resource file [D:\gomeo2o_workspace1\gomeo2o_pro\venus-configuration\trunk\target\test-classes\sql\h2\config.sql]: CREATE TABLE IF NOT EXISTS `ecp_configs` ( `id` BIGINT NOT NULL AUTO_INCREMENT COMMENT &apos;鑷涓婚敭&apos;, `key` VARCHAR(32) NULL COMMENT &apos;閿?,
  `value`              VARCHAR(1024) NULL       COMMENT &apos;鍊?, `description` VARCHAR(128 ) NULL COMMENT &apos;鎻忚堪&apos;, `scope` VARCHAR(32) NULL COMMENT &apos;閫傜敤鑼冨洿&apos;, `created_at` DATETIME NULL COMMENT &apos;鍒涘缓鏃堕棿&apos;, `updated_at` DATETIME NULL COMMENT &apos;鏇存柊鏃堕棿&apos;, PRIMARY KEY (`id`) ); nested exception is org.h2.jdbc.JdbcSQLException: Syntax error in SQL statement &quot;CREATE TABLE IF NOT EXISTS &quot;&quot;ECP_CONFIGS&quot;&quot; ( &quot;&quot;ID&quot;&quot; BIGINT NOT NULL AUTO_INCREMENT COMMENT &apos;鑷涓婚敭&apos;, &quot;&quot;KEY&quot;&quot; VARCHAR(32) NULL COMMENT &apos;閿?,
  `value`              VARCHAR(1024) NULL       COMMENT &apos;鍊[*]?, &quot;&quot;DESCRIPTION&quot;&quot; VARCHAR(128 ) NULL COMMENT &apos;鎻忚堪&apos;, &quot;&quot;SCOPE&quot;&quot; VARCHAR(32) NULL COMMENT &apos;閫傜敤鑼冨洿&apos;, &quot;&quot;CREATED_AT&quot;&quot; DATETIME NULL COMMENT &apos;鍒涘缓鏃堕棿&apos;, &quot;&quot;UPDATED_AT&quot;&quot; DATETIME NULL COMMENT &apos;鏇存柊鏃堕棿&apos;, PRIMARY KEY (&quot;&quot;ID&quot;&quot;) ) &quot;; expected &quot;[, ::, *, /, %, +, -, ||, ~, !~, NOT, LIKE, REGEXP, IS, IN, BETWEEN, AND, OR, CONSTRAINT, PRIMARY, UNIQUE, NOT, NULL, CHECK, REFERENCES, ,, )&quot;; SQL statement:
CREATE TABLE IF NOT EXISTS `ecp_configs` ( `id` BIGINT NOT NULL AUTO_INCREMENT COMMENT &apos;鑷涓婚敭&apos;, `key` VARCHAR(32) NULL COMMENT &apos;閿?,
  `value`              VARCHAR(1024) NULL       COMMENT &apos;鍊?, `description` VARCHAR(128 ) NULL COMMENT &apos;鎻忚堪&apos;, `scope` VARCHAR(32) NULL COMMENT &apos;閫傜敤鑼冨洿&apos;, `created_at` DATETIME NULL COMMENT &apos;鍒涘缓鏃堕棿&apos;, `updated_at` DATETIME NULL COMMENT &apos;鏇存柊鏃堕棿&apos;, PRIMARY KEY (`id`) ) [42001-174]
	at org.springframework.beans.factory.annotation.AutowiredAnnotationBeanPostProcessor.postProcessPropertyValues(AutowiredAnnotationBeanPostProcessor.java:334) ~[spring-beans-4.1.6.RELEASE.jar:4.1.6.RELEASE]
	at org.springframework.beans.factory.support.AbstractAutowireCapableBeanFactory.populateBean(AbstractAutowireCapableBeanFactory.java:1210) ~[spring-beans-4.1.6.RELEASE.jar:4.1.6.RELEASE]
	at org.springframework.beans.factory.support.AbstractAutowireCapableBeanFactory.doCreateBean(AbstractAutowireCapableBeanFactory.java:537) ~[spring-beans-4.1.6.RELEASE.jar:4.1.6.RELEASE]
	at org.springframework.beans.factory.support.AbstractAutowireCapableBeanFactory.createBean(AbstractAutowireCapableBeanFactory.java:476) ~[spring-beans-4.1.6.RELEASE.jar:4.1.6.RELEASE]
	at org.springframework.beans.factory.support.AbstractBeanFactory$1.getObject(AbstractBeanFactory.java:303) ~[spring-beans-4.1.6.RELEASE.jar:4.1.6.RELEASE]
	at org.springframework.beans.factory.support.DefaultSingletonBeanRegistry.getSingleton(DefaultSingletonBeanRegistry.java:230) ~[spring-beans-4.1.6.RELEASE.jar:4.1.6.RELEASE]
	at org.springframework.beans.factory.support.AbstractBeanFactory.doGetBean(AbstractBeanFactory.java:299) ~[spring-beans-4.1.6.RELEASE.jar:4.1.6.RELEASE]
	at org.springframework.beans.factory.support.AbstractBeanFactory.getBean(AbstractBeanFactory.java:194) ~[spring-beans-4.1.6.RELEASE.jar:4.1.6.RELEASE]
	at org.springframework.beans.factory.support.DefaultListableBeanFactory.preInstantiateSingletons(DefaultListableBeanFactory.java:755) ~[spring-beans-4.1.6.RELEASE.jar:4.1.6.RELEASE]
	at org.springframework.context.support.AbstractApplicationContext.finishBeanFactoryInitialization(AbstractApplicationContext.java:757) ~[spring-context-4.1.6.RELEASE.jar:4.1.6.RELEASE]
	at org.springframework.context.support.AbstractApplicationContext.refresh(AbstractApplicationContext.java:480) ~[spring-context-4.1.6.RELEASE.jar:4.1.6.RELEASE]
	at org.springframework.test.context.support.AbstractGenericContextLoader.loadContext(AbstractGenericContextLoader.java:125) [spring-test-4.1.6.RELEASE.jar:4.1.6.RELEASE]
	at org.springframework.test.context.support.AbstractGenericContextLoader.loadContext(AbstractGenericContextLoader.java:60) [spring-test-4.1.6.RELEASE.jar:4.1.6.RELEASE]
	at org.springframework.test.context.support.AbstractDelegatingSmartContextLoader.delegateLoading(AbstractDelegatingSmartContextLoader.java:109) [spring-test-4.1.6.RELEASE.jar:4.1.6.RELEASE]
	at org.springframework.test.context.support.AbstractDelegatingSmartContextLoader.loadContext(AbstractDelegatingSmartContextLoader.java:261) [spring-test-4.1.6.RELEASE.jar:4.1.6.RELEASE]
	at org.springframework.test.context.DefaultCacheAwareContextLoaderDelegate.loadContextInternal(DefaultCacheAwareContextLoaderDelegate.java:68) [spring-test-4.1.6.RELEASE.jar:4.1.6.RELEASE]
	at org.springframework.test.context.DefaultCacheAwareContextLoaderDelegate.loadContext(DefaultCacheAwareContextLoaderDelegate.java:86) [spring-test-4.1.6.RELEASE.jar:4.1.6.RELEASE]
	at org.springframework.test.context.DefaultTestContext.getApplicationContext(DefaultTestContext.java:72) [spring-test-4.1.6.RELEASE.jar:4.1.6.RELEASE]
	at org.springframework.test.context.support.DependencyInjectionTestExecutionListener.injectDependencies(DependencyInjectionTestExecutionListener.java:117) [spring-test-4.1.6.RELEASE.jar:4.1.6.RELEASE]
	at org.springframework.test.context.support.DependencyInjectionTestExecutionListener.prepareTestInstance(DependencyInjectionTestExecutionListener.java:83) [spring-test-4.1.6.RELEASE.jar:4.1.6.RELEASE]
	at org.springframework.test.context.TestContextManager.prepareTestInstance(TestContextManager.java:212) [spring-test-4.1.6.RELEASE.jar:4.1.6.RELEASE]
	at org.springframework.test.context.junit4.SpringJUnit4ClassRunner.createTest(SpringJUnit4ClassRunner.java:200) [spring-test-4.1.6.RELEASE.jar:4.1.6.RELEASE]
	at org.springframework.test.context.junit4.SpringJUnit4ClassRunner$1.runReflectiveCall(SpringJUnit4ClassRunner.java:259) [spring-test-4.1.6.RELEASE.jar:4.1.6.RELEASE]
	at org.junit.internal.runners.model.ReflectiveCallable.run(ReflectiveCallable.java:12) [junit-4.11.jar:na]
	at org.springframework.test.context.junit4.SpringJUnit4ClassRunner.methodBlock(SpringJUnit4ClassRunner.java:261) [spring-test-4.1.6.RELEASE.jar:4.1.6.RELEASE]
	at org.springframework.test.context.junit4.SpringJUnit4ClassRunner.runChild(SpringJUnit4ClassRunner.java:219) [spring-test-4.1.6.RELEASE.jar:4.1.6.RELEASE]
	at org.springframework.test.context.junit4.SpringJUnit4ClassRunner.runChild(SpringJUnit4ClassRunner.java:83) [spring-test-4.1.6.RELEASE.jar:4.1.6.RELEASE]
	at org.junit.runners.ParentRunner$3.run(ParentRunner.java:238) [junit-4.11.jar:na]
	at org.junit.runners.ParentRunner$1.schedule(ParentRunner.java:63) [junit-4.11.jar:na]
	at org.junit.runners.ParentRunner.runChildren(ParentRunner.java:236) [junit-4.11.jar:na]
	at org.junit.runners.ParentRunner.access$000(ParentRunner.java:53) [junit-4.11.jar:na]
	at org.junit.runners.ParentRunner$2.evaluate(ParentRunner.java:229) [junit-4.11.jar:na]
	at org.springframework.test.context.junit4.statements.RunBeforeTestClassCallbacks.evaluate(RunBeforeTestClassCallbacks.java:61) [spring-test-4.1.6.RELEASE.jar:4.1.6.RELEASE]
	at org.springframework.test.context.junit4.statements.RunAfterTestClassCallbacks.evaluate(RunAfterTestClassCallbacks.java:68) [spring-test-4.1.6.RELEASE.jar:4.1.6.RELEASE]
	at org.junit.runners.ParentRunner.run(ParentRunner.java:309) [junit-4.11.jar:na]
	at org.springframework.test.context.junit4.SpringJUnit4ClassRunner.run(SpringJUnit4ClassRunner.java:163) [spring-test-4.1.6.RELEASE.jar:4.1.6.RELEASE]
	at org.apache.maven.surefire.junit4.JUnit4Provider.execute(JUnit4Provider.java:252) [surefire-junit4-2.12.4.jar:2.12.4]
	at org.apache.maven.surefire.junit4.JUnit4Provider.executeTestSet(JUnit4Provider.java:141) [surefire-junit4-2.12.4.jar:2.12.4]
[...]
	at org.springframework.context.support.AbstractApplicationContext.refresh(AbstractApplicationContext.java:480) ~[spring-context-4.1.6.RELEASE.jar:4.1.6.RELEASE]
	at org.springframework.test.context.support.AbstractGenericContextLoader.loadContext(AbstractGenericContextLoader.java:125) ~[spring-test-4.1.6.RELEASE.jar:4.1.6.RELEASE]
	at org.springframework.test.context.support.AbstractGenericContextLoader.loadContext(AbstractGenericContextLoader.java:60) ~[spring-test-4.1.6.RELEASE.jar:4.1.6.RELEASE]
	at org.springframework.test.context.support.AbstractDelegatingSmartContextLoader.delegateLoading(AbstractDelegatingSmartContextLoader.java:109) ~[spring-test-4.1.6.RELEASE.jar:4.1.6.RELEASE]
	at org.springframework.test.context.support.AbstractDelegatingSmartContextLoader.loadContext(AbstractDelegatingSmartContextLoader.java:261) ~[spring-test-4.1.6.RELEASE.jar:4.1.6.RELEASE]
	at org.springframework.test.context.DefaultCacheAwareContextLoaderDelegate.loadContextInternal(DefaultCacheAwareContextLoaderDelegate.java:68) ~[spring-test-4.1.6.RELEASE.jar:4.1.6.RELEASE]
	at org.springframework.test.context.DefaultCacheAwareContextLoaderDelegate.loadContext(DefaultCacheAwareContextLoaderDelegate.java:86) ~[spring-test-4.1.6.RELEASE.jar:4.1.6.RELEASE]
	... 31 common frames omitted
Caused by: org.springframework.beans.factory.BeanCreationException: Could not autowire method: public final void org.mybatis.spring.support.SqlSessionDaoSupport.setSqlSessionFactory(org.apache.ibatis.session.SqlSessionFactory); nested exception is org.springframework.beans.factory.BeanCreationException: Error creating bean with name &apos;sqlSessionFactory&apos; defined in class path resource [spring/mysql-dao-context-test.xml]: Cannot resolve reference to bean &apos;dataSource&apos; while setting bean property &apos;dataSource&apos;; nested exception is org.springframework.beans.factory.BeanCreationException: Error creating bean with name &apos;dataSource&apos;: Invocation of init method failed; nested exception is org.springframework.jdbc.datasource.init.ScriptStatementFailedException: Failed to execute SQL script statement #2 of resource file [D:\gomeo2o_workspace1\gomeo2o_pro\venus-configuration\trunk\target\test-classes\sql\h2\config.sql]: CREATE TABLE IF NOT EXISTS `ecp_configs` ( `id` BIGINT NOT NULL AUTO_INCREMENT COMMENT &apos;鑷涓婚敭&apos;, `key` VARCHAR(32) NULL COMMENT &apos;閿?,
  `value`              VARCHAR(1024) NULL       COMMENT &apos;鍊?, `description` VARCHAR(128 ) NULL COMMENT &apos;鎻忚堪&apos;, `scope` VARCHAR(32) NULL COMMENT &apos;閫傜敤鑼冨洿&apos;, `created_at` DATETIME NULL COMMENT &apos;鍒涘缓鏃堕棿&apos;, `updated_at` DATETIME NULL COMMENT &apos;鏇存柊鏃堕棿&apos;, PRIMARY KEY (`id`) ); nested exception is org.h2.jdbc.JdbcSQLException: Syntax error in SQL statement &quot;CREATE TABLE IF NOT EXISTS &quot;&quot;ECP_CONFIGS&quot;&quot; ( &quot;&quot;ID&quot;&quot; BIGINT NOT NULL AUTO_INCREMENT COMMENT &apos;鑷涓婚敭&apos;, &quot;&quot;KEY&quot;&quot; VARCHAR(32) NULL COMMENT &apos;閿?,
  `value`              VARCHAR(1024) NULL       COMMENT &apos;鍊[*]?, &quot;&quot;DESCRIPTION&quot;&quot; VARCHAR(128 ) NULL COMMENT &apos;鎻忚堪&apos;, &quot;&quot;SCOPE&quot;&quot; VARCHAR(32) NULL COMMENT &apos;閫傜敤鑼冨洿&apos;, &quot;&quot;CREATED_AT&quot;&quot; DATETIME NULL COMMENT &apos;鍒涘缓鏃堕棿&apos;, &quot;&quot;UPDATED_AT&quot;&quot; DATETIME NULL COMMENT &apos;鏇存柊鏃堕棿&apos;, PRIMARY KEY (&quot;&quot;ID&quot;&quot;) ) &quot;; expected &quot;[, ::, *, /, %, +, -, ||, ~, !~, NOT, LIKE, REGEXP, IS, IN, BETWEEN, AND, OR, CONSTRAINT, PRIMARY, UNIQUE, NOT, NULL, CHECK, REFERENCES, ,, )&quot;; SQL statement:
CREATE TABLE IF NOT EXISTS `ecp_configs` ( `id` BIGINT NOT NULL AUTO_INCREMENT COMMENT &apos;鑷涓婚敭&apos;, `key` VARCHAR(32) NULL COMMENT &apos;閿?,
  `value`              VARCHAR(1024) NULL       COMMENT &apos;鍊?, `description` VARCHAR(128 ) NULL COMMENT &apos;鎻忚堪&apos;, `scope` VARCHAR(32) NULL COMMENT &apos;閫傜敤鑼冨洿&apos;, `created_at` DATETIME NULL COMMENT &apos;鍒涘缓鏃堕棿&apos;, `updated_at` DATETIME NULL COMMENT &apos;鏇存柊鏃堕棿&apos;, PRIMARY KEY (`id`) ) [42001-174]
	at org.springframework.beans.factory.annotation.AutowiredAnnotationBeanPostProcessor$AutowiredMethodElement.inject(AutowiredAnnotationBeanPostProcessor.java:649) ~[spring-beans-4.1.6.RELEASE.jar:4.1.6.RELEASE]
	at org.springframework.beans.factory.annotation.InjectionMetadata.inject(InjectionMetadata.java:88) ~[spring-beans-4.1.6.RELEASE.jar:4.1.6.RELEASE]
	at org.springframework.beans.factory.annotation.AutowiredAnnotationBeanPostProcessor.postProcessPropertyValues(AutowiredAnnotationBeanPostProcessor.java:331) ~[spring-beans-4.1.6.RELEASE.jar:4.1.6.RELEASE]
	... 47 common frames omitted
Caused by: org.springframework.beans.factory.BeanCreationException: Error creating bean with name &apos;sqlSessionFactory&apos; defined in class path resource [spring/mysql-dao-context-test.xml]: Cannot resolve reference to bean &apos;dataSource&apos; while setting bean property &apos;dataSource&apos;; nested exception is org.springframework.beans.factory.BeanCreationException: Error creating bean with name &apos;dataSource&apos;: Invocation of init method failed; nested exception is org.springframework.jdbc.datasource.init.ScriptStatementFailedException: Failed to execute SQL script statement #2 of resource file [D:\gomeo2o_workspace1\gomeo2o_pro\venus-configuration\trunk\target\test-classes\sql\h2\config.sql]: CREATE TABLE IF NOT EXISTS `ecp_configs` ( `id` BIGINT NOT NULL AUTO_INCREMENT COMMENT &apos;鑷涓婚敭&apos;, `key` VARCHAR(32) NULL COMMENT &apos;閿?,
  `value`              VARCHAR(1024) NULL       COMMENT &apos;鍊?, `description` VARCHAR(128 ) NULL COMMENT &apos;鎻忚堪&apos;, `scope` VARCHAR(32) NULL COMMENT &apos;閫傜敤鑼冨洿&apos;, `created_at` DATETIME NULL COMMENT &apos;鍒涘缓鏃堕棿&apos;, `updated_at` DATETIME NULL COMMENT &apos;鏇存柊鏃堕棿&apos;, PRIMARY KEY (`id`) ); nested exception is org.h2.jdbc.JdbcSQLException: Syntax error in SQL statement &quot;CREATE TABLE IF NOT EXISTS &quot;&quot;ECP_CONFIGS&quot;&quot; ( &quot;&quot;ID&quot;&quot; BIGINT NOT NULL AUTO_INCREMENT COMMENT &apos;鑷涓婚敭&apos;, &quot;&quot;KEY&quot;&quot; VARCHAR(32) NULL COMMENT &apos;閿?,
  `value`              VARCHAR(1024) NULL       COMMENT &apos;鍊[*]?, &quot;&quot;DESCRIPTION&quot;&quot; VARCHAR(128 ) NULL COMMENT &apos;鎻忚堪&apos;, &quot;&quot;SCOPE&quot;&quot; VARCHAR(32) NULL COMMENT &apos;閫傜敤鑼冨洿&apos;, &quot;&quot;CREATED_AT&quot;&quot; DATETIME NULL COMMENT &apos;鍒涘缓鏃堕棿&apos;, &quot;&quot;UPDATED_AT&quot;&quot; DATETIME NULL COMMENT &apos;鏇存柊鏃堕棿&apos;, PRIMARY KEY (&quot;&quot;ID&quot;&quot;) ) &quot;; expected &quot;[, ::, *, /, %, +, -, ||, ~, !~, NOT, LIKE, REGEXP, IS, IN, BETWEEN, AND, OR, CONSTRAINT, PRIMARY, UNIQUE, NOT, NULL, CHECK, REFERENCES, ,, )&quot;; SQL statement:
CREATE TABLE IF NOT EXISTS `ecp_configs` ( `id` BIGINT NOT NULL AUTO_INCREMENT COMMENT &apos;鑷涓婚敭&apos;, `key` VARCHAR(32) NULL COMMENT &apos;閿?,
  `value`              VARCHAR(1024) NULL       COMMENT &apos;鍊?, `description` VARCHAR(128 ) NULL COMMENT &apos;鎻忚堪&apos;, `scope` VARCHAR(32) NULL COMMENT &apos;閫傜敤鑼冨洿&apos;, `created_at` DATETIME NULL COMMENT &apos;鍒涘缓鏃堕棿&apos;, `updated_at` DATETIME NULL COMMENT &apos;鏇存柊鏃堕棿&apos;, PRIMARY KEY (`id`) ) [42001-174]
	at org.springframework.beans.factory.support.BeanDefinitionValueResolver.resolveReference(BeanDefinitionValueResolver.java:359) ~[spring-beans-4.1.6.RELEASE.jar:4.1.6.RELEASE]
	at org.springframework.beans.factory.support.BeanDefinitionValueResolver.resolveValueIfNecessary(BeanDefinitionValueResolver.java:108) ~[spring-beans-4.1.6.RELEASE.jar:4.1.6.RELEASE]
	at org.springframework.beans.factory.support.AbstractAutowireCapableBeanFactory.applyPropertyValues(AbstractAutowireCapableBeanFactory.java:1477) ~[spring-beans-4.1.6.RELEASE.jar:4.1.6.RELEASE]
	at org.springframework.beans.factory.support.AbstractAutowireCapableBeanFactory.populateBean(AbstractAutowireCapableBeanFactory.java:1222) ~[spring-beans-4.1.6.RELEASE.jar:4.1.6.RELEASE]
	at org.springframework.beans.factory.support.AbstractAutowireCapableBeanFactory.doCreateBean(AbstractAutowireCapableBeanFactory.java:537) ~[spring-beans-4.1.6.RELEASE.jar:4.1.6.RELEASE]
	at org.springframework.beans.factory.support.AbstractAutowireCapableBeanFactory.createBean(AbstractAutowireCapableBeanFactory.java:476) ~[spring-beans-4.1.6.RELEASE.jar:4.1.6.RELEASE]
	at org.springframework.beans.factory.support.AbstractBeanFactory$1.getObject(AbstractBeanFactory.java:303) ~[spring-beans-4.1.6.RELEASE.jar:4.1.6.RELEASE]
	at org.springframework.beans.factory.support.DefaultSingletonBeanRegistry.getSingleton(DefaultSingletonBeanRegistry.java:230) ~[spring-beans-4.1.6.RELEASE.jar:4.1.6.RELEASE]
	at org.springframework.beans.factory.support.AbstractBeanFactory.doGetBean(AbstractBeanFactory.java:299) ~[spring-beans-4.1.6.RELEASE.jar:4.1.6.RELEASE]
	at org.springframework.beans.factory.support.AbstractBeanFactory.getBean(AbstractBeanFactory.java:194) ~[spring-beans-4.1.6.RELEASE.jar:4.1.6.RELEASE]
	at org.springframework.beans.factory.support.DefaultListableBeanFactory.findAutowireCandidates(DefaultListableBeanFactory.java:1120) ~[spring-beans-4.1.6.RELEASE.jar:4.1.6.RELEASE]
	at org.springframework.beans.factory.support.DefaultListableBeanFactory.doResolveDependency(DefaultListableBeanFactory.java:1044) ~[spring-beans-4.1.6.RELEASE.jar:4.1.6.RELEASE]
	at org.springframework.beans.factory.support.DefaultListableBeanFactory.resolveDependency(DefaultListableBeanFactory.java:942) ~[spring-beans-4.1.6.RELEASE.jar:4.1.6.RELEASE]
	at org.springframework.beans.factory.annotation.AutowiredAnnotationBeanPostProcessor$AutowiredMethodElement.inject(AutowiredAnnotationBeanPostProcessor.java:606) ~[spring-beans-4.1.6.RELEASE.jar:4.1.6.RELEASE]
	... 49 common frames omitted
Caused by: org.springframework.beans.factory.BeanCreationException: Error creating bean with name &apos;dataSource&apos;: Invocation of init method failed; nested exception is org.springframework.jdbc.datasource.init.ScriptStatementFailedException: Failed to execute SQL script statement #2 of resource file [D:\gomeo2o_workspace1\gomeo2o_pro\venus-configuration\trunk\target\test-classes\sql\h2\config.sql]: CREATE TABLE IF NOT EXISTS `ecp_configs` ( `id` BIGINT NOT NULL AUTO_INCREMENT COMMENT &apos;鑷涓婚敭&apos;, `key` VARCHAR(32) NULL COMMENT &apos;閿?,
  `value`              VARCHAR(1024) NULL       COMMENT &apos;鍊?, `description` VARCHAR(128 ) NULL COMMENT &apos;鎻忚堪&apos;, `scope` VARCHAR(32) NULL COMMENT &apos;閫傜敤鑼冨洿&apos;, `created_at` DATETIME NULL COMMENT &apos;鍒涘缓鏃堕棿&apos;, `updated_at` DATETIME NULL COMMENT &apos;鏇存柊鏃堕棿&apos;, PRIMARY KEY (`id`) ); nested exception is org.h2.jdbc.JdbcSQLException: Syntax error in SQL statement &quot;CREATE TABLE IF NOT EXISTS &quot;&quot;ECP_CONFIGS&quot;&quot; ( &quot;&quot;ID&quot;&quot; BIGINT NOT NULL AUTO_INCREMENT COMMENT &apos;鑷涓婚敭&apos;, &quot;&quot;KEY&quot;&quot; VARCHAR(32) NULL COMMENT &apos;閿?,
  `value`              VARCHAR(1024) NULL       COMMENT &apos;鍊[*]?, &quot;&quot;DESCRIPTION&quot;&quot; VARCHAR(128 ) NULL COMMENT &apos;鎻忚堪&apos;, &quot;&quot;SCOPE&quot;&quot; VARCHAR(32) NULL COMMENT &apos;閫傜敤鑼冨洿&apos;, &quot;&quot;CREATED_AT&quot;&quot; DATETIME NULL COMMENT &apos;鍒涘缓鏃堕棿&apos;, &quot;&quot;UPDATED_AT&quot;&quot; DATETIME NULL COMMENT &apos;鏇存柊鏃堕棿&apos;, PRIMARY KEY (&quot;&quot;ID&quot;&quot;) ) &quot;; expected &quot;[, ::, *, /, %, +, -, ||, ~, !~, NOT, LIKE, REGEXP, IS, IN, BETWEEN, AND, OR, CONSTRAINT, PRIMARY, UNIQUE, NOT, NULL, CHECK, REFERENCES, ,, )&quot;; SQL statement:
CREATE TABLE IF NOT EXISTS `ecp_configs` ( `id` BIGINT NOT NULL AUTO_INCREMENT COMMENT &apos;鑷涓婚敭&apos;, `key` VARCHAR(32) NULL COMMENT &apos;閿?,
  `value`              VARCHAR(1024) NULL       COMMENT &apos;鍊?, `description` VARCHAR(128 ) NULL COMMENT &apos;鎻忚堪&apos;, `scope` VARCHAR(32) NULL COMMENT &apos;閫傜敤鑼冨洿&apos;, `created_at` DATETIME NULL COMMENT &apos;鍒涘缓鏃堕棿&apos;, `updated_at` DATETIME NULL COMMENT &apos;鏇存柊鏃堕棿&apos;, PRIMARY KEY (`id`) ) [42001-174]
	at org.springframework.beans.factory.support.AbstractAutowireCapableBeanFactory.initializeBean(AbstractAutowireCapableBeanFactory.java:1574) ~[spring-beans-4.1.6.RELEASE.jar:4.1.6.RELEASE]
	at org.springframework.beans.factory.support.AbstractAutowireCapableBeanFactory.doCreateBean(AbstractAutowireCapableBeanFactory.java:539) ~[spring-beans-4.1.6.RELEASE.jar:4.1.6.RELEASE]
	at org.springframework.beans.factory.support.AbstractAutowireCapableBeanFactory.createBean(AbstractAutowireCapableBeanFactory.java:476) ~[spring-beans-4.1.6.RELEASE.jar:4.1.6.RELEASE]
	at org.springframework.beans.factory.support.AbstractBeanFactory$1.getObject(AbstractBeanFactory.java:303) ~[spring-beans-4.1.6.RELEASE.jar:4.1.6.RELEASE]
	at org.springframework.beans.factory.support.DefaultSingletonBeanRegistry.getSingleton(DefaultSingletonBeanRegistry.java:230) ~[spring-beans-4.1.6.RELEASE.jar:4.1.6.RELEASE]
	at org.springframework.beans.factory.support.AbstractBeanFactory.doGetBean(AbstractBeanFactory.java:299) ~[spring-beans-4.1.6.RELEASE.jar:4.1.6.RELEASE]
	at org.springframework.beans.factory.support.AbstractBeanFactory.getBean(AbstractBeanFactory.java:194) ~[spring-beans-4.1.6.RELEASE.jar:4.1.6.RELEASE]
	at org.springframework.beans.factory.support.BeanDefinitionValueResolver.resolveReference(BeanDefinitionValueResolver.java:351) ~[spring-beans-4.1.6.RELEASE.jar:4.1.6.RELEASE]
	... 62 common frames omitted
Caused by: org.springframework.jdbc.datasource.init.ScriptStatementFailedException: Failed to execute SQL script statement #2 of resource file [D:\gomeo2o_workspace1\gomeo2o_pro\venus-configuration\trunk\target\test-classes\sql\h2\config.sql]: CREATE TABLE IF NOT EXISTS `ecp_configs` ( `id` BIGINT NOT NULL AUTO_INCREMENT COMMENT &apos;鑷涓婚敭&apos;, `key` VARCHAR(32) NULL COMMENT &apos;閿?,
  `value`              VARCHAR(1024) NULL       COMMENT &apos;鍊?, `description` VARCHAR(128 ) NULL COMMENT &apos;鎻忚堪&apos;, `scope` VARCHAR(32) NULL COMMENT &apos;閫傜敤鑼冨洿&apos;, `created_at` DATETIME NULL COMMENT &apos;鍒涘缓鏃堕棿&apos;, `updated_at` DATETIME NULL COMMENT &apos;鏇存柊鏃堕棿&apos;, PRIMARY KEY (`id`) ); nested exception is org.h2.jdbc.JdbcSQLException: Syntax error in SQL statement &quot;CREATE TABLE IF NOT EXISTS &quot;&quot;ECP_CONFIGS&quot;&quot; ( &quot;&quot;ID&quot;&quot; BIGINT NOT NULL AUTO_INCREMENT COMMENT &apos;鑷涓婚敭&apos;, &quot;&quot;KEY&quot;&quot; VARCHAR(32) NULL COMMENT &apos;閿?,
  `value`              VARCHAR(1024) NULL       COMMENT &apos;鍊[*]?, &quot;&quot;DESCRIPTION&quot;&quot; VARCHAR(128 ) NULL COMMENT &apos;鎻忚堪&apos;, &quot;&quot;SCOPE&quot;&quot; VARCHAR(32) NULL COMMENT &apos;閫傜敤鑼冨洿&apos;, &quot;&quot;CREATED_AT&quot;&quot; DATETIME NULL COMMENT &apos;鍒涘缓鏃堕棿&apos;, &quot;&quot;UPDATED_AT&quot;&quot; DATETIME NULL COMMENT &apos;鏇存柊鏃堕棿&apos;, PRIMARY KEY (&quot;&quot;ID&quot;&quot;) ) &quot;; expected &quot;[, ::, *, /, %, +, -, ||, ~, !~, NOT, LIKE, REGEXP, IS, IN, BETWEEN, AND, OR, CONSTRAINT, PRIMARY, UNIQUE, NOT, NULL, CHECK, REFERENCES, ,, )&quot;; SQL statement:
CREATE TABLE IF NOT EXISTS `ecp_configs` ( `id` BIGINT NOT NULL AUTO_INCREMENT COMMENT &apos;鑷涓婚敭&apos;, `key` VARCHAR(32) NULL COMMENT &apos;閿?,
  `value`              VARCHAR(1024) NULL       COMMENT &apos;鍊?, `description` VARCHAR(128 ) NULL COMMENT &apos;鎻忚堪&apos;, `scope` VARCHAR(32) NULL COMMENT &apos;閫傜敤鑼冨洿&apos;, `created_at` DATETIME NULL COMMENT &apos;鍒涘缓鏃堕棿&apos;, `updated_at` DATETIME NULL COMMENT &apos;鏇存柊鏃堕棿&apos;, PRIMARY KEY (`id`) ) [42001-174]
	at org.springframework.jdbc.datasource.init.ScriptUtils.executeSqlScript(ScriptUtils.java:472) ~[spring-jdbc-4.1.6.RELEASE.jar:4.1.6.RELEASE]
	at org.springframework.jdbc.datasource.init.ResourceDatabasePopulator.populate(ResourceDatabasePopulator.java:229) ~[spring-jdbc-4.1.6.RELEASE.jar:4.1.6.RELEASE]
	at org.springframework.jdbc.datasource.init.CompositeDatabasePopulator.populate(CompositeDatabasePopulator.java:60) ~[spring-jdbc-4.1.6.RELEASE.jar:4.1.6.RELEASE]
	at org.springframework.jdbc.datasource.init.DatabasePopulatorUtils.execute(DatabasePopulatorUtils.java:48) ~[spring-jdbc-4.1.6.RELEASE.jar:4.1.6.RELEASE]
	at org.springframework.jdbc.datasource.embedded.EmbeddedDatabaseFactory.initDatabase(EmbeddedDatabaseFactory.java:159) ~[spring-jdbc-4.1.6.RELEASE.jar:4.1.6.RELEASE]
	at org.springframework.jdbc.datasource.embedded.EmbeddedDatabaseFactoryBean.afterPropertiesSet(EmbeddedDatabaseFactoryBean.java:62) ~[spring-jdbc-4.1.6.RELEASE.jar:4.1.6.RELEASE]
	at org.springframework.beans.factory.support.AbstractAutowireCapableBeanFactory.invokeInitMethods(AbstractAutowireCapableBeanFactory.java:1633) ~[spring-beans-4.1.6.RELEASE.jar:4.1.6.RELEASE]
	at org.springframework.beans.factory.support.AbstractAutowireCapableBeanFactory.initializeBean(AbstractAutowireCapableBeanFactory.java:1570) ~[spring-beans-4.1.6.RELEASE.jar:4.1.6.RELEASE]
	... 69 common frames omitted
Caused by: org.h2.jdbc.JdbcSQLException: Syntax error in SQL statement &quot;CREATE TABLE IF NOT EXISTS &quot;&quot;ECP_CONFIGS&quot;&quot; ( &quot;&quot;ID&quot;&quot; BIGINT NOT NULL AUTO_INCREMENT COMMENT &apos;鑷涓婚敭&apos;, &quot;&quot;KEY&quot;&quot; VARCHAR(32) NULL COMMENT &apos;閿?,
  `value`              VARCHAR(1024) NULL       COMMENT &apos;鍊[*]?, &quot;&quot;DESCRIPTION&quot;&quot; VARCHAR(128 ) NULL COMMENT &apos;鎻忚堪&apos;, &quot;&quot;SCOPE&quot;&quot; VARCHAR(32) NULL COMMENT &apos;閫傜敤鑼冨洿&apos;, &quot;&quot;CREATED_AT&quot;&quot; DATETIME NULL COMMENT &apos;鍒涘缓鏃堕棿&apos;, &quot;&quot;UPDATED_AT&quot;&quot; DATETIME NULL COMMENT &apos;鏇存柊鏃堕棿&apos;, PRIMARY KEY (&quot;&quot;ID&quot;&quot;) ) &quot;; expected &quot;[, ::, *, /, %, +, -, ||, ~, !~, NOT, LIKE, REGEXP, IS, IN, BETWEEN, AND, OR, CONSTRAINT, PRIMARY, UNIQUE, NOT, NULL, CHECK, REFERENCES, ,, )&quot;; SQL statement:
CREATE TABLE IF NOT EXISTS `ecp_configs` ( `id` BIGINT NOT NULL AUTO_INCREMENT COMMENT &apos;鑷涓婚敭&apos;, `key` VARCHAR(32) NULL COMMENT &apos;閿?,
  `value`              VARCHAR(1024) NULL       COMMENT &apos;鍊?, `description` VARCHAR(128 ) NULL COMMENT &apos;鎻忚堪&apos;, `scope` VARCHAR(32) NULL COMMENT &apos;閫傜敤鑼冨洿&apos;, `created_at` DATETIME NULL COMMENT &apos;鍒涘缓鏃堕棿&apos;, `updated_at` DATETIME NULL COMMENT &apos;鏇存柊鏃堕棿&apos;, PRIMARY KEY (`id`) ) [42001-174]
	at org.h2.message.DbException.getJdbcSQLException(DbException.java:332) ~[h2-1.3.174.jar:1.3.174]
	at org.h2.message.DbException.getSyntaxError(DbException.java:197) ~[h2-1.3.174.jar:1.3.174]
	at org.h2.command.Parser.getSyntaxError(Parser.java:504) ~[h2-1.3.174.jar:1.3.174]
	at org.h2.command.Parser.read(Parser.java:2867) ~[h2-1.3.174.jar:1.3.174]
	at org.h2.command.Parser.readIfMore(Parser.java:822) ~[h2-1.3.174.jar:1.3.174]
	at org.h2.command.Parser.parseCreateTable(Parser.java:5416) ~[h2-1.3.174.jar:1.3.174]
	at org.h2.command.Parser.parseCreate(Parser.java:3890) ~[h2-1.3.174.jar:1.3.174]
	at org.h2.command.Parser.parsePrepared(Parser.java:334) ~[h2-1.3.174.jar:1.3.174]
	at org.h2.command.Parser.parse(Parser.java:289) ~[h2-1.3.174.jar:1.3.174]
	at org.h2.command.Parser.parse(Parser.java:265) ~[h2-1.3.174.jar:1.3.174]
	at org.h2.command.Parser.prepareCommand(Parser.java:226) ~[h2-1.3.174.jar:1.3.174]
	at org.h2.engine.Session.prepareLocal(Session.java:437) ~[h2-1.3.174.jar:1.3.174]
	at org.h2.engine.Session.prepareCommand(Session.java:380) ~[h2-1.3.174.jar:1.3.174]
	at org.h2.jdbc.JdbcConnection.prepareCommand(JdbcConnection.java:1138) ~[h2-1.3.174.jar:1.3.174]
	at org.h2.jdbc.JdbcStatement.executeInternal(JdbcStatement.java:168) ~[h2-1.3.174.jar:1.3.174]
	at org.h2.jdbc.JdbcStatement.execute(JdbcStatement.java:156) ~[h2-1.3.174.jar:1.3.174]
	at org.springframework.jdbc.datasource.init.ScriptUtils.executeSqlScript(ScriptUtils.java:457) ~[spring-jdbc-4.1.6.RELEASE.jar:4.1.6.RELEASE]
	... 76 common frames omitted
</system-out>
  </testcase>
</testsuite>